{"timestamp":"2025-06-04T13:10:08.309Z","type":"RPC_CALL","data":{"action":"account_balance","params":{"account":"nano_1qiz9y6indihy491tjaughx97qot31aenkyn7h7eeo6zumy49te5qmyiksm8","include_only_confirmed":true}}}
{"timestamp":"2025-06-04T13:10:08.952Z","type":"RPC_RESPONSE_RAW","data":"{\"balance\":\"0\",\"pending\":\"0\",\"receivable\":\"0\",\"balance_nano\":\"0\",\"pending_nano\":\"0\",\"receivable_nano\":\"0\"}"}
{"timestamp":"2025-06-04T13:10:08.955Z","type":"RPC_RESPONSE","data":{"balance":"0","pending":"0","receivable":"0","balance_nano":"0","pending_nano":"0","receivable_nano":"0"}}
{"timestamp":"2025-06-04T13:10:18.967Z","type":"RPC_CALL","data":{"action":"account_balance","params":{"account":"nano_1qiz9y6indihy491tjaughx97qot31aenkyn7h7eeo6zumy49te5qmyiksm8","include_only_confirmed":true}}}
{"timestamp":"2025-06-04T13:10:20.267Z","type":"RPC_RESPONSE_RAW","data":"{\"balance\":\"0\",\"pending\":\"0\",\"receivable\":\"0\",\"balance_nano\":\"0\",\"pending_nano\":\"0\",\"receivable_nano\":\"0\"}"}
{"timestamp":"2025-06-04T13:10:20.271Z","type":"RPC_RESPONSE","data":{"balance":"0","pending":"0","receivable":"0","balance_nano":"0","pending_nano":"0","receivable_nano":"0"}}
{"timestamp":"2025-06-04T13:10:30.281Z","type":"RPC_CALL","data":{"action":"account_balance","params":{"account":"nano_1qiz9y6indihy491tjaughx97qot31aenkyn7h7eeo6zumy49te5qmyiksm8","include_only_confirmed":true}}}
{"timestamp":"2025-06-04T13:10:30.937Z","type":"RPC_RESPONSE_RAW","data":"{\"balance\":\"0\",\"pending\":\"0\",\"receivable\":\"0\",\"balance_nano\":\"0\",\"pending_nano\":\"0\",\"receivable_nano\":\"0\"}"}
{"timestamp":"2025-06-04T13:10:30.941Z","type":"RPC_RESPONSE","data":{"balance":"0","pending":"0","receivable":"0","balance_nano":"0","pending_nano":"0","receivable_nano":"0"}}
{"timestamp":"2025-06-04T13:10:40.947Z","type":"RPC_CALL","data":{"action":"account_balance","params":{"account":"nano_1qiz9y6indihy491tjaughx97qot31aenkyn7h7eeo6zumy49te5qmyiksm8","include_only_confirmed":true}}}
{"timestamp":"2025-06-04T13:10:41.467Z","type":"RPC_RESPONSE_RAW","data":"{\"balance\":\"0\",\"pending\":\"0\",\"receivable\":\"0\",\"balance_nano\":\"0\",\"pending_nano\":\"0\",\"receivable_nano\":\"0\"}"}
{"timestamp":"2025-06-04T13:10:41.471Z","type":"RPC_RESPONSE","data":{"balance":"0","pending":"0","receivable":"0","balance_nano":"0","pending_nano":"0","receivable_nano":"0"}}
{"timestamp":"2025-06-04T13:12:27.316Z","type":"RPC_CALL","data":{"action":"account_balance","params":{"account":"nano_1ox65qciyhyyqnocqzomeegxx71aczxc1zebaaaes7osoh1zy84xapww6qqg","include_only_confirmed":true}}}
{"timestamp":"2025-06-04T13:12:27.919Z","type":"RPC_RESPONSE_RAW","data":"{\"balance\":\"0\",\"pending\":\"0\",\"receivable\":\"0\",\"balance_nano\":\"0\",\"pending_nano\":\"0\",\"receivable_nano\":\"0\"}"}
{"timestamp":"2025-06-04T13:12:27.922Z","type":"RPC_RESPONSE","data":{"balance":"0","pending":"0","receivable":"0","balance_nano":"0","pending_nano":"0","receivable_nano":"0"}}
{"timestamp":"2025-06-04T13:12:37.934Z","type":"RPC_CALL","data":{"action":"account_balance","params":{"account":"nano_1ox65qciyhyyqnocqzomeegxx71aczxc1zebaaaes7osoh1zy84xapww6qqg","include_only_confirmed":true}}}
{"timestamp":"2025-06-04T13:12:38.346Z","type":"RPC_RESPONSE_RAW","data":"{\"balance\":\"0\",\"pending\":\"0\",\"receivable\":\"0\",\"balance_nano\":\"0\",\"pending_nano\":\"0\",\"receivable_nano\":\"0\"}"}
{"timestamp":"2025-06-04T13:12:38.349Z","type":"RPC_RESPONSE","data":{"balance":"0","pending":"0","receivable":"0","balance_nano":"0","pending_nano":"0","receivable_nano":"0"}}
{"timestamp":"2025-06-04T13:12:48.356Z","type":"RPC_CALL","data":{"action":"account_balance","params":{"account":"nano_1ox65qciyhyyqnocqzomeegxx71aczxc1zebaaaes7osoh1zy84xapww6qqg","include_only_confirmed":true}}}
{"timestamp":"2025-06-04T13:12:48.813Z","type":"RPC_RESPONSE_RAW","data":"{\"balance\":\"0\",\"pending\":\"0\",\"receivable\":\"0\",\"balance_nano\":\"0\",\"pending_nano\":\"0\",\"receivable_nano\":\"0\"}"}
{"timestamp":"2025-06-04T13:12:48.815Z","type":"RPC_RESPONSE","data":{"balance":"0","pending":"0","receivable":"0","balance_nano":"0","pending_nano":"0","receivable_nano":"0"}}
{"timestamp":"2025-06-04T13:12:58.832Z","type":"RPC_CALL","data":{"action":"account_balance","params":{"account":"nano_1ox65qciyhyyqnocqzomeegxx71aczxc1zebaaaes7osoh1zy84xapww6qqg","include_only_confirmed":true}}}
{"timestamp":"2025-06-04T13:12:59.307Z","type":"RPC_RESPONSE_RAW","data":"{\"balance\":\"0\",\"pending\":\"0\",\"receivable\":\"0\",\"balance_nano\":\"0\",\"pending_nano\":\"0\",\"receivable_nano\":\"0\"}"}
{"timestamp":"2025-06-04T13:12:59.311Z","type":"RPC_RESPONSE","data":{"balance":"0","pending":"0","receivable":"0","balance_nano":"0","pending_nano":"0","receivable_nano":"0"}}
{"timestamp":"2025-06-04T13:13:09.328Z","type":"RPC_CALL","data":{"action":"account_balance","params":{"account":"nano_1ox65qciyhyyqnocqzomeegxx71aczxc1zebaaaes7osoh1zy84xapww6qqg","include_only_confirmed":true}}}
{"timestamp":"2025-06-04T13:13:09.731Z","type":"RPC_RESPONSE_RAW","data":"{\"balance\":\"0\",\"pending\":\"0\",\"receivable\":\"0\",\"balance_nano\":\"0\",\"pending_nano\":\"0\",\"receivable_nano\":\"0\"}"}
{"timestamp":"2025-06-04T13:13:09.734Z","type":"RPC_RESPONSE","data":{"balance":"0","pending":"0","receivable":"0","balance_nano":"0","pending_nano":"0","receivable_nano":"0"}}
{"timestamp":"2025-06-04T13:13:19.739Z","type":"RPC_CALL","data":{"action":"account_balance","params":{"account":"nano_1ox65qciyhyyqnocqzomeegxx71aczxc1zebaaaes7osoh1zy84xapww6qqg","include_only_confirmed":true}}}
{"timestamp":"2025-06-04T13:13:20.251Z","type":"RPC_RESPONSE_RAW","data":"{\"balance\":\"0\",\"pending\":\"0\",\"receivable\":\"0\",\"balance_nano\":\"0\",\"pending_nano\":\"0\",\"receivable_nano\":\"0\"}"}
{"timestamp":"2025-06-04T13:13:20.255Z","type":"RPC_RESPONSE","data":{"balance":"0","pending":"0","receivable":"0","balance_nano":"0","pending_nano":"0","receivable_nano":"0"}}
{"timestamp":"2025-06-04T13:13:30.281Z","type":"RPC_CALL","data":{"action":"account_balance","params":{"account":"nano_1ox65qciyhyyqnocqzomeegxx71aczxc1zebaaaes7osoh1zy84xapww6qqg","include_only_confirmed":true}}}
{"timestamp":"2025-06-04T13:13:30.992Z","type":"RPC_RESPONSE_RAW","data":"{\"balance\":\"0\",\"pending\":\"0\",\"receivable\":\"0\",\"balance_nano\":\"0\",\"pending_nano\":\"0\",\"receivable_nano\":\"0\"}"}
{"timestamp":"2025-06-04T13:13:30.996Z","type":"RPC_RESPONSE","data":{"balance":"0","pending":"0","receivable":"0","balance_nano":"0","pending_nano":"0","receivable_nano":"0"}}
{"timestamp":"2025-06-04T13:13:41.008Z","type":"RPC_CALL","data":{"action":"account_balance","params":{"account":"nano_1ox65qciyhyyqnocqzomeegxx71aczxc1zebaaaes7osoh1zy84xapww6qqg","include_only_confirmed":true}}}
{"timestamp":"2025-06-04T13:13:41.449Z","type":"RPC_RESPONSE_RAW","data":"{\"balance\":\"0\",\"pending\":\"0\",\"receivable\":\"0\",\"balance_nano\":\"0\",\"pending_nano\":\"0\",\"receivable_nano\":\"0\"}"}
{"timestamp":"2025-06-04T13:13:41.453Z","type":"RPC_RESPONSE","data":{"balance":"0","pending":"0","receivable":"0","balance_nano":"0","pending_nano":"0","receivable_nano":"0"}}
{"timestamp":"2025-06-04T13:13:51.468Z","type":"RPC_CALL","data":{"action":"account_balance","params":{"account":"nano_1ox65qciyhyyqnocqzomeegxx71aczxc1zebaaaes7osoh1zy84xapww6qqg","include_only_confirmed":true}}}
{"timestamp":"2025-06-04T13:13:51.952Z","type":"RPC_RESPONSE_RAW","data":"{\"balance\":\"0\",\"pending\":\"0\",\"receivable\":\"0\",\"balance_nano\":\"0\",\"pending_nano\":\"0\",\"receivable_nano\":\"0\"}"}
{"timestamp":"2025-06-04T13:13:51.956Z","type":"RPC_RESPONSE","data":{"balance":"0","pending":"0","receivable":"0","balance_nano":"0","pending_nano":"0","receivable_nano":"0"}}
{"timestamp":"2025-06-04T13:14:01.972Z","type":"RPC_CALL","data":{"action":"account_balance","params":{"account":"nano_1ox65qciyhyyqnocqzomeegxx71aczxc1zebaaaes7osoh1zy84xapww6qqg","include_only_confirmed":true}}}
{"timestamp":"2025-06-04T13:14:02.387Z","type":"RPC_RESPONSE_RAW","data":"{\"balance\":\"0\",\"pending\":\"0\",\"receivable\":\"0\",\"balance_nano\":\"0\",\"pending_nano\":\"0\",\"receivable_nano\":\"0\"}"}
{"timestamp":"2025-06-04T13:14:02.389Z","type":"RPC_RESPONSE","data":{"balance":"0","pending":"0","receivable":"0","balance_nano":"0","pending_nano":"0","receivable_nano":"0"}}
{"timestamp":"2025-06-04T13:14:12.402Z","type":"RPC_CALL","data":{"action":"account_balance","params":{"account":"nano_1ox65qciyhyyqnocqzomeegxx71aczxc1zebaaaes7osoh1zy84xapww6qqg","include_only_confirmed":true}}}
{"timestamp":"2025-06-04T13:14:12.987Z","type":"RPC_RESPONSE_RAW","data":"{\"balance\":\"0\",\"pending\":\"0\",\"receivable\":\"0\",\"balance_nano\":\"0\",\"pending_nano\":\"0\",\"receivable_nano\":\"0\"}"}
{"timestamp":"2025-06-04T13:14:12.992Z","type":"RPC_RESPONSE","data":{"balance":"0","pending":"0","receivable":"0","balance_nano":"0","pending_nano":"0","receivable_nano":"0"}}
{"timestamp":"2025-06-04T13:14:22.997Z","type":"RPC_CALL","data":{"action":"account_balance","params":{"account":"nano_1ox65qciyhyyqnocqzomeegxx71aczxc1zebaaaes7osoh1zy84xapww6qqg","include_only_confirmed":true}}}
{"timestamp":"2025-06-04T13:14:23.485Z","type":"RPC_RESPONSE_RAW","data":"{\"balance\":\"0\",\"pending\":\"0\",\"receivable\":\"0\",\"balance_nano\":\"0\",\"pending_nano\":\"0\",\"receivable_nano\":\"0\"}"}
{"timestamp":"2025-06-04T13:14:23.489Z","type":"RPC_RESPONSE","data":{"balance":"0","pending":"0","receivable":"0","balance_nano":"0","pending_nano":"0","receivable_nano":"0"}}
{"timestamp":"2025-06-04T13:15:56.326Z","type":"RPC_CALL","data":{"action":"account_balance","params":{"account":"nano_36h9cp3p1jsn36ahj7up7oqjnbpan513ydyh8kqpuj7sg31s83dsqjhup1bc","include_only_confirmed":true}}}
{"timestamp":"2025-06-04T13:15:57.147Z","type":"RPC_RESPONSE_RAW","data":"{\"balance\":\"0\",\"pending\":\"0\",\"receivable\":\"0\",\"balance_nano\":\"0\",\"pending_nano\":\"0\",\"receivable_nano\":\"0\"}"}
{"timestamp":"2025-06-04T13:15:57.152Z","type":"RPC_RESPONSE","data":{"balance":"0","pending":"0","receivable":"0","balance_nano":"0","pending_nano":"0","receivable_nano":"0"}}
{"timestamp":"2025-06-04T13:16:07.164Z","type":"RPC_CALL","data":{"action":"account_balance","params":{"account":"nano_36h9cp3p1jsn36ahj7up7oqjnbpan513ydyh8kqpuj7sg31s83dsqjhup1bc","include_only_confirmed":true}}}
{"timestamp":"2025-06-04T13:16:07.584Z","type":"RPC_RESPONSE_RAW","data":"{\"balance\":\"0\",\"pending\":\"0\",\"receivable\":\"0\",\"balance_nano\":\"0\",\"pending_nano\":\"0\",\"receivable_nano\":\"0\"}"}
{"timestamp":"2025-06-04T13:16:07.586Z","type":"RPC_RESPONSE","data":{"balance":"0","pending":"0","receivable":"0","balance_nano":"0","pending_nano":"0","receivable_nano":"0"}}
{"timestamp":"2025-06-04T13:16:17.604Z","type":"RPC_CALL","data":{"action":"account_balance","params":{"account":"nano_36h9cp3p1jsn36ahj7up7oqjnbpan513ydyh8kqpuj7sg31s83dsqjhup1bc","include_only_confirmed":true}}}
{"timestamp":"2025-06-04T13:16:18.113Z","type":"RPC_RESPONSE_RAW","data":"{\"balance\":\"0\",\"pending\":\"0\",\"receivable\":\"0\",\"balance_nano\":\"0\",\"pending_nano\":\"0\",\"receivable_nano\":\"0\"}"}
{"timestamp":"2025-06-04T13:16:18.117Z","type":"RPC_RESPONSE","data":{"balance":"0","pending":"0","receivable":"0","balance_nano":"0","pending_nano":"0","receivable_nano":"0"}}
{"timestamp":"2025-06-04T13:16:28.130Z","type":"RPC_CALL","data":{"action":"account_balance","params":{"account":"nano_36h9cp3p1jsn36ahj7up7oqjnbpan513ydyh8kqpuj7sg31s83dsqjhup1bc","include_only_confirmed":true}}}
{"timestamp":"2025-06-04T13:16:28.616Z","type":"RPC_RESPONSE_RAW","data":"{\"balance\":\"0\",\"pending\":\"0\",\"receivable\":\"0\",\"balance_nano\":\"0\",\"pending_nano\":\"0\",\"receivable_nano\":\"0\"}"}
{"timestamp":"2025-06-04T13:16:28.619Z","type":"RPC_RESPONSE","data":{"balance":"0","pending":"0","receivable":"0","balance_nano":"0","pending_nano":"0","receivable_nano":"0"}}
{"timestamp":"2025-06-04T13:16:38.632Z","type":"RPC_CALL","data":{"action":"account_balance","params":{"account":"nano_36h9cp3p1jsn36ahj7up7oqjnbpan513ydyh8kqpuj7sg31s83dsqjhup1bc","include_only_confirmed":true}}}
{"timestamp":"2025-06-04T13:16:39.119Z","type":"RPC_RESPONSE_RAW","data":"{\"balance\":\"0\",\"pending\":\"0\",\"receivable\":\"0\",\"balance_nano\":\"0\",\"pending_nano\":\"0\",\"receivable_nano\":\"0\"}"}
{"timestamp":"2025-06-04T13:16:39.124Z","type":"RPC_RESPONSE","data":{"balance":"0","pending":"0","receivable":"0","balance_nano":"0","pending_nano":"0","receivable_nano":"0"}}
{"timestamp":"2025-06-04T13:16:49.137Z","type":"RPC_CALL","data":{"action":"account_balance","params":{"account":"nano_36h9cp3p1jsn36ahj7up7oqjnbpan513ydyh8kqpuj7sg31s83dsqjhup1bc","include_only_confirmed":true}}}
{"timestamp":"2025-06-04T13:16:49.636Z","type":"RPC_RESPONSE_RAW","data":"{\"balance\":\"0\",\"pending\":\"0\",\"receivable\":\"0\",\"balance_nano\":\"0\",\"pending_nano\":\"0\",\"receivable_nano\":\"0\"}"}
{"timestamp":"2025-06-04T13:16:49.640Z","type":"RPC_RESPONSE","data":{"balance":"0","pending":"0","receivable":"0","balance_nano":"0","pending_nano":"0","receivable_nano":"0"}}
{"timestamp":"2025-06-04T13:16:59.657Z","type":"RPC_CALL","data":{"action":"account_balance","params":{"account":"nano_36h9cp3p1jsn36ahj7up7oqjnbpan513ydyh8kqpuj7sg31s83dsqjhup1bc","include_only_confirmed":true}}}
{"timestamp":"2025-06-04T13:17:00.128Z","type":"RPC_RESPONSE_RAW","data":"{\"balance\":\"0\",\"pending\":\"0\",\"receivable\":\"0\",\"balance_nano\":\"0\",\"pending_nano\":\"0\",\"receivable_nano\":\"0\"}"}
{"timestamp":"2025-06-04T13:17:00.132Z","type":"RPC_RESPONSE","data":{"balance":"0","pending":"0","receivable":"0","balance_nano":"0","pending_nano":"0","receivable_nano":"0"}}
{"timestamp":"2025-06-04T13:17:10.152Z","type":"RPC_CALL","data":{"action":"account_balance","params":{"account":"nano_36h9cp3p1jsn36ahj7up7oqjnbpan513ydyh8kqpuj7sg31s83dsqjhup1bc","include_only_confirmed":true}}}
{"timestamp":"2025-06-04T13:17:10.581Z","type":"RPC_RESPONSE_RAW","data":"{\"balance\":\"0\",\"pending\":\"0\",\"receivable\":\"0\",\"balance_nano\":\"0\",\"pending_nano\":\"0\",\"receivable_nano\":\"0\"}"}
{"timestamp":"2025-06-04T13:17:10.586Z","type":"RPC_RESPONSE","data":{"balance":"0","pending":"0","receivable":"0","balance_nano":"0","pending_nano":"0","receivable_nano":"0"}}
{"timestamp":"2025-06-04T13:17:20.602Z","type":"RPC_CALL","data":{"action":"account_balance","params":{"account":"nano_36h9cp3p1jsn36ahj7up7oqjnbpan513ydyh8kqpuj7sg31s83dsqjhup1bc","include_only_confirmed":true}}}
{"timestamp":"2025-06-04T13:17:21.086Z","type":"RPC_RESPONSE_RAW","data":"{\"balance\":\"0\",\"pending\":\"0\",\"receivable\":\"0\",\"balance_nano\":\"0\",\"pending_nano\":\"0\",\"receivable_nano\":\"0\"}"}
{"timestamp":"2025-06-04T13:17:21.090Z","type":"RPC_RESPONSE","data":{"balance":"0","pending":"0","receivable":"0","balance_nano":"0","pending_nano":"0","receivable_nano":"0"}}
{"timestamp":"2025-06-04T13:17:31.096Z","type":"RPC_CALL","data":{"action":"account_balance","params":{"account":"nano_36h9cp3p1jsn36ahj7up7oqjnbpan513ydyh8kqpuj7sg31s83dsqjhup1bc","include_only_confirmed":true}}}
{"timestamp":"2025-06-04T13:17:31.599Z","type":"RPC_RESPONSE_RAW","data":"{\"balance\":\"0\",\"pending\":\"0\",\"receivable\":\"0\",\"balance_nano\":\"0\",\"pending_nano\":\"0\",\"receivable_nano\":\"0\"}"}
{"timestamp":"2025-06-04T13:17:31.602Z","type":"RPC_RESPONSE","data":{"balance":"0","pending":"0","receivable":"0","balance_nano":"0","pending_nano":"0","receivable_nano":"0"}}
{"timestamp":"2025-06-04T13:17:41.622Z","type":"RPC_CALL","data":{"action":"account_balance","params":{"account":"nano_36h9cp3p1jsn36ahj7up7oqjnbpan513ydyh8kqpuj7sg31s83dsqjhup1bc","include_only_confirmed":true}}}
{"timestamp":"2025-06-04T13:17:42.170Z","type":"RPC_RESPONSE_RAW","data":"{\"balance\":\"0\",\"pending\":\"0\",\"receivable\":\"0\",\"balance_nano\":\"0\",\"pending_nano\":\"0\",\"receivable_nano\":\"0\"}"}
{"timestamp":"2025-06-04T13:17:42.174Z","type":"RPC_RESPONSE","data":{"balance":"0","pending":"0","receivable":"0","balance_nano":"0","pending_nano":"0","receivable_nano":"0"}}
{"timestamp":"2025-06-04T13:17:52.181Z","type":"RPC_CALL","data":{"action":"account_balance","params":{"account":"nano_36h9cp3p1jsn36ahj7up7oqjnbpan513ydyh8kqpuj7sg31s83dsqjhup1bc","include_only_confirmed":true}}}
{"timestamp":"2025-06-04T13:17:52.580Z","type":"RPC_RESPONSE_RAW","data":"{\"balance\":\"0\",\"pending\":\"0\",\"receivable\":\"0\",\"balance_nano\":\"0\",\"pending_nano\":\"0\",\"receivable_nano\":\"0\"}"}
{"timestamp":"2025-06-04T13:17:52.583Z","type":"RPC_RESPONSE","data":{"balance":"0","pending":"0","receivable":"0","balance_nano":"0","pending_nano":"0","receivable_nano":"0"}}
{"timestamp":"2025-06-04T13:20:29.564Z","type":"RPC_CALL","data":{"action":"account_balance","params":{"account":"nano_1cau8c4pbkk399mxa8qf7it9z5uqwhtwfoiyxnnpycqx4sk5mrw1skpgr15g","include_only_confirmed":true}}}
{"timestamp":"2025-06-04T13:20:30.207Z","type":"RPC_RESPONSE_RAW","data":"{\"balance\":\"0\",\"pending\":\"0\",\"receivable\":\"0\",\"balance_nano\":\"0\",\"pending_nano\":\"0\",\"receivable_nano\":\"0\"}"}
{"timestamp":"2025-06-04T13:20:30.211Z","type":"RPC_RESPONSE","data":{"balance":"0","pending":"0","receivable":"0","balance_nano":"0","pending_nano":"0","receivable_nano":"0"}}
{"timestamp":"2025-06-04T13:20:40.225Z","type":"RPC_CALL","data":{"action":"account_balance","params":{"account":"nano_1cau8c4pbkk399mxa8qf7it9z5uqwhtwfoiyxnnpycqx4sk5mrw1skpgr15g","include_only_confirmed":true}}}
{"timestamp":"2025-06-04T13:20:41.161Z","type":"RPC_RESPONSE_RAW","data":"{\"balance\":\"0\",\"pending\":\"0\",\"receivable\":\"0\",\"balance_nano\":\"0\",\"pending_nano\":\"0\",\"receivable_nano\":\"0\"}"}
{"timestamp":"2025-06-04T13:20:41.164Z","type":"RPC_RESPONSE","data":{"balance":"0","pending":"0","receivable":"0","balance_nano":"0","pending_nano":"0","receivable_nano":"0"}}
{"timestamp":"2025-06-04T13:20:51.179Z","type":"RPC_CALL","data":{"action":"account_balance","params":{"account":"nano_1cau8c4pbkk399mxa8qf7it9z5uqwhtwfoiyxnnpycqx4sk5mrw1skpgr15g","include_only_confirmed":true}}}
{"timestamp":"2025-06-04T13:20:51.615Z","type":"RPC_RESPONSE_RAW","data":"{\"balance\":\"0\",\"pending\":\"0\",\"receivable\":\"0\",\"balance_nano\":\"0\",\"pending_nano\":\"0\",\"receivable_nano\":\"0\"}"}
{"timestamp":"2025-06-04T13:20:51.619Z","type":"RPC_RESPONSE","data":{"balance":"0","pending":"0","receivable":"0","balance_nano":"0","pending_nano":"0","receivable_nano":"0"}}
{"timestamp":"2025-06-04T13:21:01.636Z","type":"RPC_CALL","data":{"action":"account_balance","params":{"account":"nano_1cau8c4pbkk399mxa8qf7it9z5uqwhtwfoiyxnnpycqx4sk5mrw1skpgr15g","include_only_confirmed":true}}}
{"timestamp":"2025-06-04T13:21:02.167Z","type":"RPC_RESPONSE_RAW","data":"{\"balance\":\"0\",\"pending\":\"0\",\"receivable\":\"0\",\"balance_nano\":\"0\",\"pending_nano\":\"0\",\"receivable_nano\":\"0\"}"}
{"timestamp":"2025-06-04T13:21:02.169Z","type":"RPC_RESPONSE","data":{"balance":"0","pending":"0","receivable":"0","balance_nano":"0","pending_nano":"0","receivable_nano":"0"}}
{"timestamp":"2025-06-04T13:21:12.175Z","type":"RPC_CALL","data":{"action":"account_balance","params":{"account":"nano_1cau8c4pbkk399mxa8qf7it9z5uqwhtwfoiyxnnpycqx4sk5mrw1skpgr15g","include_only_confirmed":true}}}
{"timestamp":"2025-06-04T13:21:12.697Z","type":"RPC_RESPONSE_RAW","data":"{\"balance\":\"0\",\"pending\":\"0\",\"receivable\":\"0\",\"balance_nano\":\"0\",\"pending_nano\":\"0\",\"receivable_nano\":\"0\"}"}
{"timestamp":"2025-06-04T13:21:12.700Z","type":"RPC_RESPONSE","data":{"balance":"0","pending":"0","receivable":"0","balance_nano":"0","pending_nano":"0","receivable_nano":"0"}}
{"timestamp":"2025-06-04T13:21:22.704Z","type":"RPC_CALL","data":{"action":"account_balance","params":{"account":"nano_1cau8c4pbkk399mxa8qf7it9z5uqwhtwfoiyxnnpycqx4sk5mrw1skpgr15g","include_only_confirmed":true}}}
{"timestamp":"2025-06-04T13:21:23.241Z","type":"RPC_RESPONSE_RAW","data":"{\"balance\":\"0\",\"pending\":\"0\",\"receivable\":\"0\",\"balance_nano\":\"0\",\"pending_nano\":\"0\",\"receivable_nano\":\"0\"}"}
{"timestamp":"2025-06-04T13:21:23.243Z","type":"RPC_RESPONSE","data":{"balance":"0","pending":"0","receivable":"0","balance_nano":"0","pending_nano":"0","receivable_nano":"0"}}
{"timestamp":"2025-06-04T13:21:33.262Z","type":"RPC_CALL","data":{"action":"account_balance","params":{"account":"nano_1cau8c4pbkk399mxa8qf7it9z5uqwhtwfoiyxnnpycqx4sk5mrw1skpgr15g","include_only_confirmed":true}}}
{"timestamp":"2025-06-04T13:21:33.786Z","type":"RPC_RESPONSE_RAW","data":"{\"balance\":\"0\",\"pending\":\"0\",\"receivable\":\"0\",\"balance_nano\":\"0\",\"pending_nano\":\"0\",\"receivable_nano\":\"0\"}"}
{"timestamp":"2025-06-04T13:21:33.791Z","type":"RPC_RESPONSE","data":{"balance":"0","pending":"0","receivable":"0","balance_nano":"0","pending_nano":"0","receivable_nano":"0"}}
{"timestamp":"2025-06-04T13:21:43.804Z","type":"RPC_CALL","data":{"action":"account_balance","params":{"account":"nano_1cau8c4pbkk399mxa8qf7it9z5uqwhtwfoiyxnnpycqx4sk5mrw1skpgr15g","include_only_confirmed":true}}}
{"timestamp":"2025-06-04T13:21:44.333Z","type":"RPC_RESPONSE_RAW","data":"{\"balance\":\"0\",\"pending\":\"0\",\"receivable\":\"0\",\"balance_nano\":\"0\",\"pending_nano\":\"0\",\"receivable_nano\":\"0\"}"}
{"timestamp":"2025-06-04T13:21:44.338Z","type":"RPC_RESPONSE","data":{"balance":"0","pending":"0","receivable":"0","balance_nano":"0","pending_nano":"0","receivable_nano":"0"}}
{"timestamp":"2025-06-04T13:21:54.346Z","type":"RPC_CALL","data":{"action":"account_balance","params":{"account":"nano_1cau8c4pbkk399mxa8qf7it9z5uqwhtwfoiyxnnpycqx4sk5mrw1skpgr15g","include_only_confirmed":true}}}
{"timestamp":"2025-06-04T13:21:54.826Z","type":"RPC_RESPONSE_RAW","data":"{\"balance\":\"0\",\"pending\":\"0\",\"receivable\":\"0\",\"balance_nano\":\"0\",\"pending_nano\":\"0\",\"receivable_nano\":\"0\"}"}
{"timestamp":"2025-06-04T13:21:54.830Z","type":"RPC_RESPONSE","data":{"balance":"0","pending":"0","receivable":"0","balance_nano":"0","pending_nano":"0","receivable_nano":"0"}}
{"timestamp":"2025-06-04T13:22:04.835Z","type":"RPC_CALL","data":{"action":"account_balance","params":{"account":"nano_1cau8c4pbkk399mxa8qf7it9z5uqwhtwfoiyxnnpycqx4sk5mrw1skpgr15g","include_only_confirmed":true}}}
{"timestamp":"2025-06-04T13:22:05.310Z","type":"RPC_RESPONSE_RAW","data":"{\"balance\":\"0\",\"pending\":\"0\",\"receivable\":\"0\",\"balance_nano\":\"0\",\"pending_nano\":\"0\",\"receivable_nano\":\"0\"}"}
{"timestamp":"2025-06-04T13:22:05.314Z","type":"RPC_RESPONSE","data":{"balance":"0","pending":"0","receivable":"0","balance_nano":"0","pending_nano":"0","receivable_nano":"0"}}
{"timestamp":"2025-06-04T13:22:15.330Z","type":"RPC_CALL","data":{"action":"account_balance","params":{"account":"nano_1cau8c4pbkk399mxa8qf7it9z5uqwhtwfoiyxnnpycqx4sk5mrw1skpgr15g","include_only_confirmed":true}}}
{"timestamp":"2025-06-04T13:22:15.839Z","type":"RPC_RESPONSE_RAW","data":"{\"balance\":\"0\",\"pending\":\"0\",\"receivable\":\"0\",\"balance_nano\":\"0\",\"pending_nano\":\"0\",\"receivable_nano\":\"0\"}"}
{"timestamp":"2025-06-04T13:22:15.843Z","type":"RPC_RESPONSE","data":{"balance":"0","pending":"0","receivable":"0","balance_nano":"0","pending_nano":"0","receivable_nano":"0"}}
{"timestamp":"2025-06-04T13:22:25.851Z","type":"RPC_CALL","data":{"action":"account_balance","params":{"account":"nano_1cau8c4pbkk399mxa8qf7it9z5uqwhtwfoiyxnnpycqx4sk5mrw1skpgr15g","include_only_confirmed":true}}}
{"timestamp":"2025-06-04T13:22:26.342Z","type":"RPC_RESPONSE_RAW","data":"{\"balance\":\"0\",\"pending\":\"0\",\"receivable\":\"0\",\"balance_nano\":\"0\",\"pending_nano\":\"0\",\"receivable_nano\":\"0\"}"}
{"timestamp":"2025-06-04T13:22:26.345Z","type":"RPC_RESPONSE","data":{"balance":"0","pending":"0","receivable":"0","balance_nano":"0","pending_nano":"0","receivable_nano":"0"}}
{"timestamp":"2025-06-04T13:25:52.084Z","type":"RPC_CALL","data":{"action":"account_balance","params":{"account":"nano_3d3t4wia4grpo8qgfrj69pacmcz5pfrair5czfjadopws6x1c5cnok4x17kw","include_only_confirmed":true}}}
{"timestamp":"2025-06-04T13:25:52.767Z","type":"RPC_RESPONSE_RAW","data":"{\"balance\":\"0\",\"pending\":\"0\",\"receivable\":\"0\",\"balance_nano\":\"0\",\"pending_nano\":\"0\",\"receivable_nano\":\"0\"}"}
{"timestamp":"2025-06-04T13:25:52.771Z","type":"RPC_RESPONSE","data":{"balance":"0","pending":"0","receivable":"0","balance_nano":"0","pending_nano":"0","receivable_nano":"0"}}
{"timestamp":"2025-06-04T13:26:02.790Z","type":"RPC_CALL","data":{"action":"account_balance","params":{"account":"nano_3d3t4wia4grpo8qgfrj69pacmcz5pfrair5czfjadopws6x1c5cnok4x17kw","include_only_confirmed":true}}}
{"timestamp":"2025-06-04T13:26:03.348Z","type":"RPC_RESPONSE_RAW","data":"{\"balance\":\"0\",\"pending\":\"0\",\"receivable\":\"0\",\"balance_nano\":\"0\",\"pending_nano\":\"0\",\"receivable_nano\":\"0\"}"}
{"timestamp":"2025-06-04T13:26:03.351Z","type":"RPC_RESPONSE","data":{"balance":"0","pending":"0","receivable":"0","balance_nano":"0","pending_nano":"0","receivable_nano":"0"}}
{"timestamp":"2025-06-04T13:26:13.362Z","type":"RPC_CALL","data":{"action":"account_balance","params":{"account":"nano_3d3t4wia4grpo8qgfrj69pacmcz5pfrair5czfjadopws6x1c5cnok4x17kw","include_only_confirmed":true}}}
{"timestamp":"2025-06-04T13:26:13.772Z","type":"RPC_RESPONSE_RAW","data":"{\"balance\":\"0\",\"pending\":\"0\",\"receivable\":\"0\",\"balance_nano\":\"0\",\"pending_nano\":\"0\",\"receivable_nano\":\"0\"}"}
{"timestamp":"2025-06-04T13:26:13.775Z","type":"RPC_RESPONSE","data":{"balance":"0","pending":"0","receivable":"0","balance_nano":"0","pending_nano":"0","receivable_nano":"0"}}
{"timestamp":"2025-06-04T13:26:23.786Z","type":"RPC_CALL","data":{"action":"account_balance","params":{"account":"nano_3d3t4wia4grpo8qgfrj69pacmcz5pfrair5czfjadopws6x1c5cnok4x17kw","include_only_confirmed":true}}}
{"timestamp":"2025-06-04T13:26:24.242Z","type":"RPC_RESPONSE_RAW","data":"{\"balance\":\"0\",\"pending\":\"0\",\"receivable\":\"0\",\"balance_nano\":\"0\",\"pending_nano\":\"0\",\"receivable_nano\":\"0\"}"}
{"timestamp":"2025-06-04T13:26:24.245Z","type":"RPC_RESPONSE","data":{"balance":"0","pending":"0","receivable":"0","balance_nano":"0","pending_nano":"0","receivable_nano":"0"}}
{"timestamp":"2025-06-04T13:26:34.262Z","type":"RPC_CALL","data":{"action":"account_balance","params":{"account":"nano_3d3t4wia4grpo8qgfrj69pacmcz5pfrair5czfjadopws6x1c5cnok4x17kw","include_only_confirmed":true}}}
{"timestamp":"2025-06-04T13:26:34.744Z","type":"RPC_RESPONSE_RAW","data":"{\"balance\":\"0\",\"pending\":\"0\",\"receivable\":\"0\",\"balance_nano\":\"0\",\"pending_nano\":\"0\",\"receivable_nano\":\"0\"}"}
{"timestamp":"2025-06-04T13:26:34.749Z","type":"RPC_RESPONSE","data":{"balance":"0","pending":"0","receivable":"0","balance_nano":"0","pending_nano":"0","receivable_nano":"0"}}
{"timestamp":"2025-06-04T13:26:44.754Z","type":"RPC_CALL","data":{"action":"account_balance","params":{"account":"nano_3d3t4wia4grpo8qgfrj69pacmcz5pfrair5czfjadopws6x1c5cnok4x17kw","include_only_confirmed":true}}}
{"timestamp":"2025-06-04T13:26:45.181Z","type":"RPC_RESPONSE_RAW","data":"{\"balance\":\"0\",\"pending\":\"0\",\"receivable\":\"0\",\"balance_nano\":\"0\",\"pending_nano\":\"0\",\"receivable_nano\":\"0\"}"}
{"timestamp":"2025-06-04T13:26:45.185Z","type":"RPC_RESPONSE","data":{"balance":"0","pending":"0","receivable":"0","balance_nano":"0","pending_nano":"0","receivable_nano":"0"}}
{"timestamp":"2025-06-04T13:26:55.195Z","type":"RPC_CALL","data":{"action":"account_balance","params":{"account":"nano_3d3t4wia4grpo8qgfrj69pacmcz5pfrair5czfjadopws6x1c5cnok4x17kw","include_only_confirmed":true}}}
{"timestamp":"2025-06-04T13:26:55.609Z","type":"RPC_RESPONSE_RAW","data":"{\"balance\":\"0\",\"pending\":\"0\",\"receivable\":\"0\",\"balance_nano\":\"0\",\"pending_nano\":\"0\",\"receivable_nano\":\"0\"}"}
{"timestamp":"2025-06-04T13:26:55.614Z","type":"RPC_RESPONSE","data":{"balance":"0","pending":"0","receivable":"0","balance_nano":"0","pending_nano":"0","receivable_nano":"0"}}
{"timestamp":"2025-06-04T13:27:05.627Z","type":"RPC_CALL","data":{"action":"account_balance","params":{"account":"nano_3d3t4wia4grpo8qgfrj69pacmcz5pfrair5czfjadopws6x1c5cnok4x17kw","include_only_confirmed":true}}}
{"timestamp":"2025-06-04T13:27:06.244Z","type":"RPC_RESPONSE_RAW","data":"{\"balance\":\"0\",\"pending\":\"0\",\"receivable\":\"0\",\"balance_nano\":\"0\",\"pending_nano\":\"0\",\"receivable_nano\":\"0\"}"}
{"timestamp":"2025-06-04T13:27:06.245Z","type":"RPC_RESPONSE","data":{"balance":"0","pending":"0","receivable":"0","balance_nano":"0","pending_nano":"0","receivable_nano":"0"}}
{"timestamp":"2025-06-04T13:27:16.259Z","type":"RPC_CALL","data":{"action":"account_balance","params":{"account":"nano_3d3t4wia4grpo8qgfrj69pacmcz5pfrair5czfjadopws6x1c5cnok4x17kw","include_only_confirmed":true}}}
{"timestamp":"2025-06-04T13:27:16.931Z","type":"RPC_RESPONSE_RAW","data":"{\"balance\":\"0\",\"pending\":\"0\",\"receivable\":\"0\",\"balance_nano\":\"0\",\"pending_nano\":\"0\",\"receivable_nano\":\"0\"}"}
{"timestamp":"2025-06-04T13:27:16.934Z","type":"RPC_RESPONSE","data":{"balance":"0","pending":"0","receivable":"0","balance_nano":"0","pending_nano":"0","receivable_nano":"0"}}
{"timestamp":"2025-06-04T13:27:26.952Z","type":"RPC_CALL","data":{"action":"account_balance","params":{"account":"nano_3d3t4wia4grpo8qgfrj69pacmcz5pfrair5czfjadopws6x1c5cnok4x17kw","include_only_confirmed":true}}}
{"timestamp":"2025-06-04T13:27:27.369Z","type":"RPC_RESPONSE_RAW","data":"{\"balance\":\"0\",\"pending\":\"0\",\"receivable\":\"0\",\"balance_nano\":\"0\",\"pending_nano\":\"0\",\"receivable_nano\":\"0\"}"}
{"timestamp":"2025-06-04T13:27:27.372Z","type":"RPC_RESPONSE","data":{"balance":"0","pending":"0","receivable":"0","balance_nano":"0","pending_nano":"0","receivable_nano":"0"}}
{"timestamp":"2025-06-04T13:27:37.384Z","type":"RPC_CALL","data":{"action":"account_balance","params":{"account":"nano_3d3t4wia4grpo8qgfrj69pacmcz5pfrair5czfjadopws6x1c5cnok4x17kw","include_only_confirmed":true}}}
{"timestamp":"2025-06-04T13:27:37.889Z","type":"RPC_RESPONSE_RAW","data":"{\"balance\":\"0\",\"pending\":\"0\",\"receivable\":\"0\",\"balance_nano\":\"0\",\"pending_nano\":\"0\",\"receivable_nano\":\"0\"}"}
{"timestamp":"2025-06-04T13:27:37.894Z","type":"RPC_RESPONSE","data":{"balance":"0","pending":"0","receivable":"0","balance_nano":"0","pending_nano":"0","receivable_nano":"0"}}
{"timestamp":"2025-06-04T13:27:47.906Z","type":"RPC_CALL","data":{"action":"account_balance","params":{"account":"nano_3d3t4wia4grpo8qgfrj69pacmcz5pfrair5czfjadopws6x1c5cnok4x17kw","include_only_confirmed":true}}}
{"timestamp":"2025-06-04T13:27:48.361Z","type":"RPC_RESPONSE_RAW","data":"{\"balance\":\"0\",\"pending\":\"0\",\"receivable\":\"0\",\"balance_nano\":\"0\",\"pending_nano\":\"0\",\"receivable_nano\":\"0\"}"}
{"timestamp":"2025-06-04T13:27:48.367Z","type":"RPC_RESPONSE","data":{"balance":"0","pending":"0","receivable":"0","balance_nano":"0","pending_nano":"0","receivable_nano":"0"}}
{"timestamp":"2025-06-04T20:32:23.507Z","type":"RPC_CALL","data":{"action":"account_balance","params":{"account":"nano_1ytnfwpwhh5p9g594ayww7nty14t5p74sw7675gnh9eymtpndtz53mt8gxff","include_only_confirmed":true}}}
{"timestamp":"2025-06-04T20:32:24.486Z","type":"RPC_RESPONSE_RAW","data":"{\"balance\":\"0\",\"pending\":\"0\",\"receivable\":\"0\",\"balance_nano\":\"0\",\"pending_nano\":\"0\",\"receivable_nano\":\"0\"}"}
{"timestamp":"2025-06-04T20:32:24.489Z","type":"RPC_RESPONSE","data":{"balance":"0","pending":"0","receivable":"0","balance_nano":"0","pending_nano":"0","receivable_nano":"0"}}
{"timestamp":"2025-06-04T20:32:34.494Z","type":"RPC_CALL","data":{"action":"account_balance","params":{"account":"nano_1ytnfwpwhh5p9g594ayww7nty14t5p74sw7675gnh9eymtpndtz53mt8gxff","include_only_confirmed":true}}}
{"timestamp":"2025-06-04T20:32:35.081Z","type":"RPC_RESPONSE_RAW","data":"{\"balance\":\"0\",\"pending\":\"0\",\"receivable\":\"0\",\"balance_nano\":\"0\",\"pending_nano\":\"0\",\"receivable_nano\":\"0\"}"}
{"timestamp":"2025-06-04T20:32:35.085Z","type":"RPC_RESPONSE","data":{"balance":"0","pending":"0","receivable":"0","balance_nano":"0","pending_nano":"0","receivable_nano":"0"}}
{"timestamp":"2025-06-04T20:32:45.099Z","type":"RPC_CALL","data":{"action":"account_balance","params":{"account":"nano_1ytnfwpwhh5p9g594ayww7nty14t5p74sw7675gnh9eymtpndtz53mt8gxff","include_only_confirmed":true}}}
{"timestamp":"2025-06-04T20:32:45.544Z","type":"RPC_RESPONSE_RAW","data":"{\"balance\":\"0\",\"pending\":\"0\",\"receivable\":\"0\",\"balance_nano\":\"0\",\"pending_nano\":\"0\",\"receivable_nano\":\"0\"}"}
{"timestamp":"2025-06-04T20:32:45.547Z","type":"RPC_RESPONSE","data":{"balance":"0","pending":"0","receivable":"0","balance_nano":"0","pending_nano":"0","receivable_nano":"0"}}
{"timestamp":"2025-06-04T20:32:55.564Z","type":"RPC_CALL","data":{"action":"account_balance","params":{"account":"nano_1ytnfwpwhh5p9g594ayww7nty14t5p74sw7675gnh9eymtpndtz53mt8gxff","include_only_confirmed":true}}}
{"timestamp":"2025-06-04T20:32:56.046Z","type":"RPC_RESPONSE_RAW","data":"{\"balance\":\"0\",\"pending\":\"0\",\"receivable\":\"0\",\"balance_nano\":\"0\",\"pending_nano\":\"0\",\"receivable_nano\":\"0\"}"}
{"timestamp":"2025-06-04T20:32:56.049Z","type":"RPC_RESPONSE","data":{"balance":"0","pending":"0","receivable":"0","balance_nano":"0","pending_nano":"0","receivable_nano":"0"}}
{"timestamp":"2025-06-04T20:33:06.054Z","type":"RPC_CALL","data":{"action":"account_balance","params":{"account":"nano_1ytnfwpwhh5p9g594ayww7nty14t5p74sw7675gnh9eymtpndtz53mt8gxff","include_only_confirmed":true}}}
{"timestamp":"2025-06-04T20:33:06.633Z","type":"RPC_RESPONSE_RAW","data":"{\"balance\":\"0\",\"pending\":\"0\",\"receivable\":\"0\",\"balance_nano\":\"0\",\"pending_nano\":\"0\",\"receivable_nano\":\"0\"}"}
{"timestamp":"2025-06-04T20:33:06.636Z","type":"RPC_RESPONSE","data":{"balance":"0","pending":"0","receivable":"0","balance_nano":"0","pending_nano":"0","receivable_nano":"0"}}
{"timestamp":"2025-06-04T20:33:16.647Z","type":"RPC_CALL","data":{"action":"account_balance","params":{"account":"nano_1ytnfwpwhh5p9g594ayww7nty14t5p74sw7675gnh9eymtpndtz53mt8gxff","include_only_confirmed":true}}}
{"timestamp":"2025-06-04T20:33:17.184Z","type":"RPC_RESPONSE_RAW","data":"{\"balance\":\"0\",\"pending\":\"0\",\"receivable\":\"0\",\"balance_nano\":\"0\",\"pending_nano\":\"0\",\"receivable_nano\":\"0\"}"}
{"timestamp":"2025-06-04T20:33:17.188Z","type":"RPC_RESPONSE","data":{"balance":"0","pending":"0","receivable":"0","balance_nano":"0","pending_nano":"0","receivable_nano":"0"}}
{"timestamp":"2025-06-04T20:33:27.206Z","type":"RPC_CALL","data":{"action":"account_balance","params":{"account":"nano_1ytnfwpwhh5p9g594ayww7nty14t5p74sw7675gnh9eymtpndtz53mt8gxff","include_only_confirmed":true}}}
{"timestamp":"2025-06-04T20:33:27.715Z","type":"RPC_RESPONSE_RAW","data":"{\"balance\":\"0\",\"pending\":\"0\",\"receivable\":\"0\",\"balance_nano\":\"0\",\"pending_nano\":\"0\",\"receivable_nano\":\"0\"}"}
{"timestamp":"2025-06-04T20:33:27.719Z","type":"RPC_RESPONSE","data":{"balance":"0","pending":"0","receivable":"0","balance_nano":"0","pending_nano":"0","receivable_nano":"0"}}
{"timestamp":"2025-06-04T20:33:37.723Z","type":"RPC_CALL","data":{"action":"account_balance","params":{"account":"nano_1ytnfwpwhh5p9g594ayww7nty14t5p74sw7675gnh9eymtpndtz53mt8gxff","include_only_confirmed":true}}}
{"timestamp":"2025-06-04T20:33:38.226Z","type":"RPC_RESPONSE_RAW","data":"{\"balance\":\"0\",\"pending\":\"0\",\"receivable\":\"0\",\"balance_nano\":\"0\",\"pending_nano\":\"0\",\"receivable_nano\":\"0\"}"}
{"timestamp":"2025-06-04T20:33:38.229Z","type":"RPC_RESPONSE","data":{"balance":"0","pending":"0","receivable":"0","balance_nano":"0","pending_nano":"0","receivable_nano":"0"}}
{"timestamp":"2025-06-04T20:33:48.235Z","type":"RPC_CALL","data":{"action":"account_balance","params":{"account":"nano_1ytnfwpwhh5p9g594ayww7nty14t5p74sw7675gnh9eymtpndtz53mt8gxff","include_only_confirmed":true}}}
{"timestamp":"2025-06-04T20:33:49.582Z","type":"RPC_RESPONSE_RAW","data":"{\"balance\":\"0\",\"pending\":\"0\",\"receivable\":\"0\",\"balance_nano\":\"0\",\"pending_nano\":\"0\",\"receivable_nano\":\"0\"}"}
{"timestamp":"2025-06-04T20:33:49.587Z","type":"RPC_RESPONSE","data":{"balance":"0","pending":"0","receivable":"0","balance_nano":"0","pending_nano":"0","receivable_nano":"0"}}
{"timestamp":"2025-06-04T20:33:59.600Z","type":"RPC_CALL","data":{"action":"account_balance","params":{"account":"nano_1ytnfwpwhh5p9g594ayww7nty14t5p74sw7675gnh9eymtpndtz53mt8gxff","include_only_confirmed":true}}}
{"timestamp":"2025-06-04T20:34:00.163Z","type":"RPC_RESPONSE_RAW","data":"{\"balance\":\"0\",\"pending\":\"0\",\"receivable\":\"0\",\"balance_nano\":\"0\",\"pending_nano\":\"0\",\"receivable_nano\":\"0\"}"}
{"timestamp":"2025-06-04T20:34:00.168Z","type":"RPC_RESPONSE","data":{"balance":"0","pending":"0","receivable":"0","balance_nano":"0","pending_nano":"0","receivable_nano":"0"}}
{"timestamp":"2025-06-04T20:34:10.184Z","type":"RPC_CALL","data":{"action":"account_balance","params":{"account":"nano_1ytnfwpwhh5p9g594ayww7nty14t5p74sw7675gnh9eymtpndtz53mt8gxff","include_only_confirmed":true}}}
{"timestamp":"2025-06-04T20:34:10.722Z","type":"RPC_RESPONSE_RAW","data":"{\"balance\":\"0\",\"pending\":\"0\",\"receivable\":\"0\",\"balance_nano\":\"0\",\"pending_nano\":\"0\",\"receivable_nano\":\"0\"}"}
{"timestamp":"2025-06-04T20:34:10.727Z","type":"RPC_RESPONSE","data":{"balance":"0","pending":"0","receivable":"0","balance_nano":"0","pending_nano":"0","receivable_nano":"0"}}
{"timestamp":"2025-06-04T20:34:20.741Z","type":"RPC_CALL","data":{"action":"account_balance","params":{"account":"nano_1ytnfwpwhh5p9g594ayww7nty14t5p74sw7675gnh9eymtpndtz53mt8gxff","include_only_confirmed":true}}}
{"timestamp":"2025-06-04T20:34:21.248Z","type":"RPC_RESPONSE_RAW","data":"{\"balance\":\"0\",\"pending\":\"0\",\"receivable\":\"0\",\"balance_nano\":\"0\",\"pending_nano\":\"0\",\"receivable_nano\":\"0\"}"}
{"timestamp":"2025-06-04T20:34:21.252Z","type":"RPC_RESPONSE","data":{"balance":"0","pending":"0","receivable":"0","balance_nano":"0","pending_nano":"0","receivable_nano":"0"}}
{"timestamp":"2025-06-04T20:44:03.562Z","type":"RPC_CALL","data":{"action":"account_balance","params":{"account":"nano_3c9e94ujm9cddtcqfbf1i1c5orcjwkmhr3aoigmzeey63799ikr8q9n3fmz3","include_only_confirmed":true}}}
{"timestamp":"2025-06-04T20:44:04.413Z","type":"RPC_RESPONSE_RAW","data":"{\"balance\":\"0\",\"pending\":\"0\",\"receivable\":\"0\",\"balance_nano\":\"0\",\"pending_nano\":\"0\",\"receivable_nano\":\"0\"}"}
{"timestamp":"2025-06-04T20:44:04.416Z","type":"RPC_RESPONSE","data":{"balance":"0","pending":"0","receivable":"0","balance_nano":"0","pending_nano":"0","receivable_nano":"0"}}
{"timestamp":"2025-06-04T20:44:14.423Z","type":"RPC_CALL","data":{"action":"account_balance","params":{"account":"nano_3c9e94ujm9cddtcqfbf1i1c5orcjwkmhr3aoigmzeey63799ikr8q9n3fmz3","include_only_confirmed":true}}}
{"timestamp":"2025-06-04T20:44:15.402Z","type":"RPC_RESPONSE_RAW","data":"{\"balance\":\"0\",\"pending\":\"0\",\"receivable\":\"0\",\"balance_nano\":\"0\",\"pending_nano\":\"0\",\"receivable_nano\":\"0\"}"}
{"timestamp":"2025-06-04T20:44:15.405Z","type":"RPC_RESPONSE","data":{"balance":"0","pending":"0","receivable":"0","balance_nano":"0","pending_nano":"0","receivable_nano":"0"}}
{"timestamp":"2025-06-04T20:44:25.416Z","type":"RPC_CALL","data":{"action":"account_balance","params":{"account":"nano_3c9e94ujm9cddtcqfbf1i1c5orcjwkmhr3aoigmzeey63799ikr8q9n3fmz3","include_only_confirmed":true}}}
{"timestamp":"2025-06-04T20:44:25.879Z","type":"RPC_RESPONSE_RAW","data":"{\"balance\":\"0\",\"pending\":\"0\",\"receivable\":\"0\",\"balance_nano\":\"0\",\"pending_nano\":\"0\",\"receivable_nano\":\"0\"}"}
{"timestamp":"2025-06-04T20:44:25.884Z","type":"RPC_RESPONSE","data":{"balance":"0","pending":"0","receivable":"0","balance_nano":"0","pending_nano":"0","receivable_nano":"0"}}
{"timestamp":"2025-06-04T20:44:35.901Z","type":"RPC_CALL","data":{"action":"account_balance","params":{"account":"nano_3c9e94ujm9cddtcqfbf1i1c5orcjwkmhr3aoigmzeey63799ikr8q9n3fmz3","include_only_confirmed":true}}}
{"timestamp":"2025-06-04T20:44:36.318Z","type":"RPC_RESPONSE_RAW","data":"{\"balance\":\"0\",\"pending\":\"0\",\"receivable\":\"0\",\"balance_nano\":\"0\",\"pending_nano\":\"0\",\"receivable_nano\":\"0\"}"}
{"timestamp":"2025-06-04T20:44:36.321Z","type":"RPC_RESPONSE","data":{"balance":"0","pending":"0","receivable":"0","balance_nano":"0","pending_nano":"0","receivable_nano":"0"}}
{"timestamp":"2025-06-04T20:44:46.328Z","type":"RPC_CALL","data":{"action":"account_balance","params":{"account":"nano_3c9e94ujm9cddtcqfbf1i1c5orcjwkmhr3aoigmzeey63799ikr8q9n3fmz3","include_only_confirmed":true}}}
{"timestamp":"2025-06-04T20:44:46.840Z","type":"RPC_RESPONSE_RAW","data":"{\"balance\":\"0\",\"pending\":\"0\",\"receivable\":\"0\",\"balance_nano\":\"0\",\"pending_nano\":\"0\",\"receivable_nano\":\"0\"}"}
{"timestamp":"2025-06-04T20:44:46.843Z","type":"RPC_RESPONSE","data":{"balance":"0","pending":"0","receivable":"0","balance_nano":"0","pending_nano":"0","receivable_nano":"0"}}
{"timestamp":"2025-06-04T20:44:56.865Z","type":"RPC_CALL","data":{"action":"account_balance","params":{"account":"nano_3c9e94ujm9cddtcqfbf1i1c5orcjwkmhr3aoigmzeey63799ikr8q9n3fmz3","include_only_confirmed":true}}}
{"timestamp":"2025-06-04T20:44:57.386Z","type":"RPC_RESPONSE_RAW","data":"{\"balance\":\"0\",\"pending\":\"0\",\"receivable\":\"0\",\"balance_nano\":\"0\",\"pending_nano\":\"0\",\"receivable_nano\":\"0\"}"}
{"timestamp":"2025-06-04T20:44:57.390Z","type":"RPC_RESPONSE","data":{"balance":"0","pending":"0","receivable":"0","balance_nano":"0","pending_nano":"0","receivable_nano":"0"}}
{"timestamp":"2025-06-04T20:45:07.398Z","type":"RPC_CALL","data":{"action":"account_balance","params":{"account":"nano_3c9e94ujm9cddtcqfbf1i1c5orcjwkmhr3aoigmzeey63799ikr8q9n3fmz3","include_only_confirmed":true}}}
{"timestamp":"2025-06-04T20:45:07.861Z","type":"RPC_RESPONSE_RAW","data":"{\"balance\":\"0\",\"pending\":\"0\",\"receivable\":\"0\",\"balance_nano\":\"0\",\"pending_nano\":\"0\",\"receivable_nano\":\"0\"}"}
{"timestamp":"2025-06-04T20:45:07.864Z","type":"RPC_RESPONSE","data":{"balance":"0","pending":"0","receivable":"0","balance_nano":"0","pending_nano":"0","receivable_nano":"0"}}
{"timestamp":"2025-06-04T20:45:17.879Z","type":"RPC_CALL","data":{"action":"account_balance","params":{"account":"nano_3c9e94ujm9cddtcqfbf1i1c5orcjwkmhr3aoigmzeey63799ikr8q9n3fmz3","include_only_confirmed":true}}}
{"timestamp":"2025-06-04T20:45:18.576Z","type":"RPC_RESPONSE_RAW","data":"{\"balance\":\"0\",\"pending\":\"0\",\"receivable\":\"0\",\"balance_nano\":\"0\",\"pending_nano\":\"0\",\"receivable_nano\":\"0\"}"}
{"timestamp":"2025-06-04T20:45:18.578Z","type":"RPC_RESPONSE","data":{"balance":"0","pending":"0","receivable":"0","balance_nano":"0","pending_nano":"0","receivable_nano":"0"}}
{"timestamp":"2025-06-04T20:45:28.595Z","type":"RPC_CALL","data":{"action":"account_balance","params":{"account":"nano_3c9e94ujm9cddtcqfbf1i1c5orcjwkmhr3aoigmzeey63799ikr8q9n3fmz3","include_only_confirmed":true}}}
{"timestamp":"2025-06-04T20:45:29.046Z","type":"RPC_RESPONSE_RAW","data":"{\"balance\":\"0\",\"pending\":\"0\",\"receivable\":\"0\",\"balance_nano\":\"0\",\"pending_nano\":\"0\",\"receivable_nano\":\"0\"}"}
{"timestamp":"2025-06-04T20:45:29.050Z","type":"RPC_RESPONSE","data":{"balance":"0","pending":"0","receivable":"0","balance_nano":"0","pending_nano":"0","receivable_nano":"0"}}
{"timestamp":"2025-06-04T20:45:39.056Z","type":"RPC_CALL","data":{"action":"account_balance","params":{"account":"nano_3c9e94ujm9cddtcqfbf1i1c5orcjwkmhr3aoigmzeey63799ikr8q9n3fmz3","include_only_confirmed":true}}}
{"timestamp":"2025-06-04T20:45:39.668Z","type":"RPC_RESPONSE_RAW","data":"{\"balance\":\"0\",\"pending\":\"0\",\"receivable\":\"0\",\"balance_nano\":\"0\",\"pending_nano\":\"0\",\"receivable_nano\":\"0\"}"}
{"timestamp":"2025-06-04T20:45:39.671Z","type":"RPC_RESPONSE","data":{"balance":"0","pending":"0","receivable":"0","balance_nano":"0","pending_nano":"0","receivable_nano":"0"}}
{"timestamp":"2025-06-04T20:45:49.681Z","type":"RPC_CALL","data":{"action":"account_balance","params":{"account":"nano_3c9e94ujm9cddtcqfbf1i1c5orcjwkmhr3aoigmzeey63799ikr8q9n3fmz3","include_only_confirmed":true}}}
{"timestamp":"2025-06-04T20:45:50.372Z","type":"RPC_RESPONSE_RAW","data":"{\"balance\":\"0\",\"pending\":\"0\",\"receivable\":\"0\",\"balance_nano\":\"0\",\"pending_nano\":\"0\",\"receivable_nano\":\"0\"}"}
{"timestamp":"2025-06-04T20:45:50.376Z","type":"RPC_RESPONSE","data":{"balance":"0","pending":"0","receivable":"0","balance_nano":"0","pending_nano":"0","receivable_nano":"0"}}
{"timestamp":"2025-06-04T20:46:00.390Z","type":"RPC_CALL","data":{"action":"account_balance","params":{"account":"nano_3c9e94ujm9cddtcqfbf1i1c5orcjwkmhr3aoigmzeey63799ikr8q9n3fmz3","include_only_confirmed":true}}}
{"timestamp":"2025-06-04T20:46:00.836Z","type":"RPC_RESPONSE_RAW","data":"{\"balance\":\"0\",\"pending\":\"0\",\"receivable\":\"0\",\"balance_nano\":\"0\",\"pending_nano\":\"0\",\"receivable_nano\":\"0\"}"}
{"timestamp":"2025-06-04T20:46:00.840Z","type":"RPC_RESPONSE","data":{"balance":"0","pending":"0","receivable":"0","balance_nano":"0","pending_nano":"0","receivable_nano":"0"}}
{"timestamp":"2025-06-04T20:46:01.540Z","type":"RPC_CALL","data":{"action":"account_balance","params":{"account":"nano_3qxisb7inhe1xznr3np9s8drrf8anyryckm94rt6s3seuouy6qkdd5hhify6","include_only_confirmed":true}}}
{"timestamp":"2025-06-04T20:46:02.127Z","type":"RPC_RESPONSE_RAW","data":"{\"balance\":\"0\",\"pending\":\"0\",\"receivable\":\"0\",\"balance_nano\":\"0\",\"pending_nano\":\"0\",\"receivable_nano\":\"0\"}"}
{"timestamp":"2025-06-04T20:46:02.131Z","type":"RPC_RESPONSE","data":{"balance":"0","pending":"0","receivable":"0","balance_nano":"0","pending_nano":"0","receivable_nano":"0"}}
{"timestamp":"2025-06-04T20:46:12.135Z","type":"RPC_CALL","data":{"action":"account_balance","params":{"account":"nano_3qxisb7inhe1xznr3np9s8drrf8anyryckm94rt6s3seuouy6qkdd5hhify6","include_only_confirmed":true}}}
{"timestamp":"2025-06-04T20:46:12.636Z","type":"RPC_RESPONSE_RAW","data":"{\"balance\":\"0\",\"pending\":\"0\",\"receivable\":\"0\",\"balance_nano\":\"0\",\"pending_nano\":\"0\",\"receivable_nano\":\"0\"}"}
{"timestamp":"2025-06-04T20:46:12.639Z","type":"RPC_RESPONSE","data":{"balance":"0","pending":"0","receivable":"0","balance_nano":"0","pending_nano":"0","receivable_nano":"0"}}
{"timestamp":"2025-06-04T20:46:22.657Z","type":"RPC_CALL","data":{"action":"account_balance","params":{"account":"nano_3qxisb7inhe1xznr3np9s8drrf8anyryckm94rt6s3seuouy6qkdd5hhify6","include_only_confirmed":true}}}
{"timestamp":"2025-06-04T20:46:23.082Z","type":"RPC_RESPONSE_RAW","data":"{\"balance\":\"0\",\"pending\":\"0\",\"receivable\":\"0\",\"balance_nano\":\"0\",\"pending_nano\":\"0\",\"receivable_nano\":\"0\"}"}
{"timestamp":"2025-06-04T20:46:23.085Z","type":"RPC_RESPONSE","data":{"balance":"0","pending":"0","receivable":"0","balance_nano":"0","pending_nano":"0","receivable_nano":"0"}}
{"timestamp":"2025-06-04T20:46:33.096Z","type":"RPC_CALL","data":{"action":"account_balance","params":{"account":"nano_3qxisb7inhe1xznr3np9s8drrf8anyryckm94rt6s3seuouy6qkdd5hhify6","include_only_confirmed":true}}}
{"timestamp":"2025-06-04T20:46:33.531Z","type":"RPC_RESPONSE_RAW","data":"{\"balance\":\"0\",\"pending\":\"0\",\"receivable\":\"0\",\"balance_nano\":\"0\",\"pending_nano\":\"0\",\"receivable_nano\":\"0\"}"}
{"timestamp":"2025-06-04T20:46:33.536Z","type":"RPC_RESPONSE","data":{"balance":"0","pending":"0","receivable":"0","balance_nano":"0","pending_nano":"0","receivable_nano":"0"}}
{"timestamp":"2025-06-04T20:46:43.545Z","type":"RPC_CALL","data":{"action":"account_balance","params":{"account":"nano_3qxisb7inhe1xznr3np9s8drrf8anyryckm94rt6s3seuouy6qkdd5hhify6","include_only_confirmed":true}}}
{"timestamp":"2025-06-04T20:46:45.057Z","type":"RPC_RESPONSE_RAW","data":"{\"balance\":\"0\",\"pending\":\"0\",\"receivable\":\"0\",\"balance_nano\":\"0\",\"pending_nano\":\"0\",\"receivable_nano\":\"0\"}"}
{"timestamp":"2025-06-04T20:46:45.061Z","type":"RPC_RESPONSE","data":{"balance":"0","pending":"0","receivable":"0","balance_nano":"0","pending_nano":"0","receivable_nano":"0"}}
{"timestamp":"2025-06-04T20:46:55.079Z","type":"RPC_CALL","data":{"action":"account_balance","params":{"account":"nano_3qxisb7inhe1xznr3np9s8drrf8anyryckm94rt6s3seuouy6qkdd5hhify6","include_only_confirmed":true}}}
{"timestamp":"2025-06-04T20:46:55.563Z","type":"RPC_RESPONSE_RAW","data":"{\"balance\":\"0\",\"pending\":\"0\",\"receivable\":\"0\",\"balance_nano\":\"0\",\"pending_nano\":\"0\",\"receivable_nano\":\"0\"}"}
{"timestamp":"2025-06-04T20:46:55.566Z","type":"RPC_RESPONSE","data":{"balance":"0","pending":"0","receivable":"0","balance_nano":"0","pending_nano":"0","receivable_nano":"0"}}
{"timestamp":"2025-06-04T20:47:05.585Z","type":"RPC_CALL","data":{"action":"account_balance","params":{"account":"nano_3qxisb7inhe1xznr3np9s8drrf8anyryckm94rt6s3seuouy6qkdd5hhify6","include_only_confirmed":true}}}
{"timestamp":"2025-06-04T20:47:06.088Z","type":"RPC_RESPONSE_RAW","data":"{\"balance\":\"0\",\"pending\":\"0\",\"receivable\":\"0\",\"balance_nano\":\"0\",\"pending_nano\":\"0\",\"receivable_nano\":\"0\"}"}
{"timestamp":"2025-06-04T20:47:06.093Z","type":"RPC_RESPONSE","data":{"balance":"0","pending":"0","receivable":"0","balance_nano":"0","pending_nano":"0","receivable_nano":"0"}}
{"timestamp":"2025-06-04T20:47:16.100Z","type":"RPC_CALL","data":{"action":"account_balance","params":{"account":"nano_3qxisb7inhe1xznr3np9s8drrf8anyryckm94rt6s3seuouy6qkdd5hhify6","include_only_confirmed":true}}}
{"timestamp":"2025-06-04T20:47:16.591Z","type":"RPC_RESPONSE_RAW","data":"{\"balance\":\"0\",\"pending\":\"0\",\"receivable\":\"0\",\"balance_nano\":\"0\",\"pending_nano\":\"0\",\"receivable_nano\":\"0\"}"}
{"timestamp":"2025-06-04T20:47:16.595Z","type":"RPC_RESPONSE","data":{"balance":"0","pending":"0","receivable":"0","balance_nano":"0","pending_nano":"0","receivable_nano":"0"}}
{"timestamp":"2025-06-04T20:47:26.610Z","type":"RPC_CALL","data":{"action":"account_balance","params":{"account":"nano_3qxisb7inhe1xznr3np9s8drrf8anyryckm94rt6s3seuouy6qkdd5hhify6","include_only_confirmed":true}}}
{"timestamp":"2025-06-04T20:47:27.116Z","type":"RPC_RESPONSE_RAW","data":"{\"balance\":\"0\",\"pending\":\"0\",\"receivable\":\"0\",\"balance_nano\":\"0\",\"pending_nano\":\"0\",\"receivable_nano\":\"0\"}"}
{"timestamp":"2025-06-04T20:47:27.121Z","type":"RPC_RESPONSE","data":{"balance":"0","pending":"0","receivable":"0","balance_nano":"0","pending_nano":"0","receivable_nano":"0"}}
{"timestamp":"2025-06-04T20:47:37.132Z","type":"RPC_CALL","data":{"action":"account_balance","params":{"account":"nano_3qxisb7inhe1xznr3np9s8drrf8anyryckm94rt6s3seuouy6qkdd5hhify6","include_only_confirmed":true}}}
{"timestamp":"2025-06-04T20:47:37.681Z","type":"RPC_RESPONSE_RAW","data":"{\"balance\":\"0\",\"pending\":\"0\",\"receivable\":\"0\",\"balance_nano\":\"0\",\"pending_nano\":\"0\",\"receivable_nano\":\"0\"}"}
{"timestamp":"2025-06-04T20:47:37.682Z","type":"RPC_RESPONSE","data":{"balance":"0","pending":"0","receivable":"0","balance_nano":"0","pending_nano":"0","receivable_nano":"0"}}
{"timestamp":"2025-06-04T20:47:47.698Z","type":"RPC_CALL","data":{"action":"account_balance","params":{"account":"nano_3qxisb7inhe1xznr3np9s8drrf8anyryckm94rt6s3seuouy6qkdd5hhify6","include_only_confirmed":true}}}
{"timestamp":"2025-06-04T20:47:48.183Z","type":"RPC_RESPONSE_RAW","data":"{\"balance\":\"0\",\"pending\":\"0\",\"receivable\":\"0\",\"balance_nano\":\"0\",\"pending_nano\":\"0\",\"receivable_nano\":\"0\"}"}
{"timestamp":"2025-06-04T20:47:48.186Z","type":"RPC_RESPONSE","data":{"balance":"0","pending":"0","receivable":"0","balance_nano":"0","pending_nano":"0","receivable_nano":"0"}}
{"timestamp":"2025-06-04T20:47:58.194Z","type":"RPC_CALL","data":{"action":"account_balance","params":{"account":"nano_3qxisb7inhe1xznr3np9s8drrf8anyryckm94rt6s3seuouy6qkdd5hhify6","include_only_confirmed":true}}}
{"timestamp":"2025-06-04T20:47:58.627Z","type":"RPC_RESPONSE_RAW","data":"{\"balance\":\"0\",\"pending\":\"0\",\"receivable\":\"0\",\"balance_nano\":\"0\",\"pending_nano\":\"0\",\"receivable_nano\":\"0\"}"}
{"timestamp":"2025-06-04T20:47:58.631Z","type":"RPC_RESPONSE","data":{"balance":"0","pending":"0","receivable":"0","balance_nano":"0","pending_nano":"0","receivable_nano":"0"}}
{"timestamp":"2025-06-04T20:48:55.495Z","type":"RPC_CALL","data":{"action":"account_balance","params":{"account":"nano_3yikchd1o388h435fc71ii74zejpaci4heenhrd8gup73zyzy7mm3ead4mpz","include_only_confirmed":true}}}
{"timestamp":"2025-06-04T20:48:55.993Z","type":"RPC_RESPONSE_RAW","data":"{\"balance\":\"0\",\"pending\":\"0\",\"receivable\":\"0\",\"balance_nano\":\"0\",\"pending_nano\":\"0\",\"receivable_nano\":\"0\"}"}
{"timestamp":"2025-06-04T20:48:55.997Z","type":"RPC_RESPONSE","data":{"balance":"0","pending":"0","receivable":"0","balance_nano":"0","pending_nano":"0","receivable_nano":"0"}}
{"timestamp":"2025-06-04T20:49:06.011Z","type":"RPC_CALL","data":{"action":"account_balance","params":{"account":"nano_3yikchd1o388h435fc71ii74zejpaci4heenhrd8gup73zyzy7mm3ead4mpz","include_only_confirmed":true}}}
{"timestamp":"2025-06-04T20:49:06.757Z","type":"RPC_RESPONSE_RAW","data":"{\"balance\":\"0\",\"pending\":\"0\",\"receivable\":\"0\",\"balance_nano\":\"0\",\"pending_nano\":\"0\",\"receivable_nano\":\"0\"}"}
{"timestamp":"2025-06-04T20:49:06.761Z","type":"RPC_RESPONSE","data":{"balance":"0","pending":"0","receivable":"0","balance_nano":"0","pending_nano":"0","receivable_nano":"0"}}
{"timestamp":"2025-06-04T20:49:21.335Z","type":"RPC_CALL","data":{"action":"account_balance","params":{"account":"nano_3xrjo6n3sykfuynbwqdpfqmpjhuxzm4kbk61qy17gexdndgq1t5mw6gzynq4","include_only_confirmed":true}}}
{"timestamp":"2025-06-04T20:49:21.844Z","type":"RPC_RESPONSE_RAW","data":"{\"balance\":\"0\",\"pending\":\"0\",\"receivable\":\"0\",\"balance_nano\":\"0\",\"pending_nano\":\"0\",\"receivable_nano\":\"0\"}"}
{"timestamp":"2025-06-04T20:49:21.848Z","type":"RPC_RESPONSE","data":{"balance":"0","pending":"0","receivable":"0","balance_nano":"0","pending_nano":"0","receivable_nano":"0"}}
{"timestamp":"2025-06-04T20:49:31.866Z","type":"RPC_CALL","data":{"action":"account_balance","params":{"account":"nano_3xrjo6n3sykfuynbwqdpfqmpjhuxzm4kbk61qy17gexdndgq1t5mw6gzynq4","include_only_confirmed":true}}}
{"timestamp":"2025-06-04T20:49:32.294Z","type":"RPC_RESPONSE_RAW","data":"{\"balance\":\"0\",\"pending\":\"0\",\"receivable\":\"0\",\"balance_nano\":\"0\",\"pending_nano\":\"0\",\"receivable_nano\":\"0\"}"}
{"timestamp":"2025-06-04T20:49:32.298Z","type":"RPC_RESPONSE","data":{"balance":"0","pending":"0","receivable":"0","balance_nano":"0","pending_nano":"0","receivable_nano":"0"}}
{"timestamp":"2025-06-04T20:49:42.313Z","type":"RPC_CALL","data":{"action":"account_balance","params":{"account":"nano_3xrjo6n3sykfuynbwqdpfqmpjhuxzm4kbk61qy17gexdndgq1t5mw6gzynq4","include_only_confirmed":true}}}
{"timestamp":"2025-06-04T20:49:42.861Z","type":"RPC_RESPONSE_RAW","data":"{\"balance\":\"0\",\"pending\":\"0\",\"receivable\":\"0\",\"balance_nano\":\"0\",\"pending_nano\":\"0\",\"receivable_nano\":\"0\"}"}
{"timestamp":"2025-06-04T20:49:42.864Z","type":"RPC_RESPONSE","data":{"balance":"0","pending":"0","receivable":"0","balance_nano":"0","pending_nano":"0","receivable_nano":"0"}}
{"timestamp":"2025-06-04T20:49:52.872Z","type":"RPC_CALL","data":{"action":"account_balance","params":{"account":"nano_3xrjo6n3sykfuynbwqdpfqmpjhuxzm4kbk61qy17gexdndgq1t5mw6gzynq4","include_only_confirmed":true}}}
{"timestamp":"2025-06-04T20:49:53.283Z","type":"RPC_RESPONSE_RAW","data":"{\"balance\":\"0\",\"pending\":\"0\",\"receivable\":\"0\",\"balance_nano\":\"0\",\"pending_nano\":\"0\",\"receivable_nano\":\"0\"}"}
{"timestamp":"2025-06-04T20:49:53.288Z","type":"RPC_RESPONSE","data":{"balance":"0","pending":"0","receivable":"0","balance_nano":"0","pending_nano":"0","receivable_nano":"0"}}
{"timestamp":"2025-06-04T20:50:03.296Z","type":"RPC_CALL","data":{"action":"account_balance","params":{"account":"nano_3xrjo6n3sykfuynbwqdpfqmpjhuxzm4kbk61qy17gexdndgq1t5mw6gzynq4","include_only_confirmed":true}}}
{"timestamp":"2025-06-04T20:50:03.715Z","type":"RPC_RESPONSE_RAW","data":"{\"balance\":\"0\",\"pending\":\"0\",\"receivable\":\"0\",\"balance_nano\":\"0\",\"pending_nano\":\"0\",\"receivable_nano\":\"0\"}"}
{"timestamp":"2025-06-04T20:50:03.718Z","type":"RPC_RESPONSE","data":{"balance":"0","pending":"0","receivable":"0","balance_nano":"0","pending_nano":"0","receivable_nano":"0"}}
{"timestamp":"2025-06-04T20:50:13.736Z","type":"RPC_CALL","data":{"action":"account_balance","params":{"account":"nano_3xrjo6n3sykfuynbwqdpfqmpjhuxzm4kbk61qy17gexdndgq1t5mw6gzynq4","include_only_confirmed":true}}}
{"timestamp":"2025-06-04T20:50:14.218Z","type":"RPC_RESPONSE_RAW","data":"{\"balance\":\"0\",\"pending\":\"0\",\"receivable\":\"0\",\"balance_nano\":\"0\",\"pending_nano\":\"0\",\"receivable_nano\":\"0\"}"}
{"timestamp":"2025-06-04T20:50:14.221Z","type":"RPC_RESPONSE","data":{"balance":"0","pending":"0","receivable":"0","balance_nano":"0","pending_nano":"0","receivable_nano":"0"}}
{"timestamp":"2025-06-04T20:50:24.238Z","type":"RPC_CALL","data":{"action":"account_balance","params":{"account":"nano_3xrjo6n3sykfuynbwqdpfqmpjhuxzm4kbk61qy17gexdndgq1t5mw6gzynq4","include_only_confirmed":true}}}
{"timestamp":"2025-06-04T20:50:24.751Z","type":"RPC_RESPONSE_RAW","data":"{\"balance\":\"0\",\"pending\":\"0\",\"receivable\":\"0\",\"balance_nano\":\"0\",\"pending_nano\":\"0\",\"receivable_nano\":\"0\"}"}
{"timestamp":"2025-06-04T20:50:24.755Z","type":"RPC_RESPONSE","data":{"balance":"0","pending":"0","receivable":"0","balance_nano":"0","pending_nano":"0","receivable_nano":"0"}}
{"timestamp":"2025-06-04T20:50:34.765Z","type":"RPC_CALL","data":{"action":"account_balance","params":{"account":"nano_3xrjo6n3sykfuynbwqdpfqmpjhuxzm4kbk61qy17gexdndgq1t5mw6gzynq4","include_only_confirmed":true}}}
{"timestamp":"2025-06-04T20:50:35.281Z","type":"RPC_RESPONSE_RAW","data":"{\"balance\":\"0\",\"pending\":\"0\",\"receivable\":\"0\",\"balance_nano\":\"0\",\"pending_nano\":\"0\",\"receivable_nano\":\"0\"}"}
{"timestamp":"2025-06-04T20:50:35.286Z","type":"RPC_RESPONSE","data":{"balance":"0","pending":"0","receivable":"0","balance_nano":"0","pending_nano":"0","receivable_nano":"0"}}
{"timestamp":"2025-06-04T20:50:45.305Z","type":"RPC_CALL","data":{"action":"account_balance","params":{"account":"nano_3xrjo6n3sykfuynbwqdpfqmpjhuxzm4kbk61qy17gexdndgq1t5mw6gzynq4","include_only_confirmed":true}}}
{"timestamp":"2025-06-04T20:50:45.838Z","type":"RPC_RESPONSE_RAW","data":"{\"balance\":\"0\",\"pending\":\"0\",\"receivable\":\"0\",\"balance_nano\":\"0\",\"pending_nano\":\"0\",\"receivable_nano\":\"0\"}"}
{"timestamp":"2025-06-04T20:50:45.843Z","type":"RPC_RESPONSE","data":{"balance":"0","pending":"0","receivable":"0","balance_nano":"0","pending_nano":"0","receivable_nano":"0"}}
{"timestamp":"2025-06-04T20:50:55.863Z","type":"RPC_CALL","data":{"action":"account_balance","params":{"account":"nano_3xrjo6n3sykfuynbwqdpfqmpjhuxzm4kbk61qy17gexdndgq1t5mw6gzynq4","include_only_confirmed":true}}}
{"timestamp":"2025-06-04T20:50:56.353Z","type":"RPC_RESPONSE_RAW","data":"{\"balance\":\"0\",\"pending\":\"0\",\"receivable\":\"0\",\"balance_nano\":\"0\",\"pending_nano\":\"0\",\"receivable_nano\":\"0\"}"}
{"timestamp":"2025-06-04T20:50:56.356Z","type":"RPC_RESPONSE","data":{"balance":"0","pending":"0","receivable":"0","balance_nano":"0","pending_nano":"0","receivable_nano":"0"}}
{"timestamp":"2025-06-04T20:51:06.364Z","type":"RPC_CALL","data":{"action":"account_balance","params":{"account":"nano_3xrjo6n3sykfuynbwqdpfqmpjhuxzm4kbk61qy17gexdndgq1t5mw6gzynq4","include_only_confirmed":true}}}
{"timestamp":"2025-06-04T20:51:06.808Z","type":"RPC_RESPONSE_RAW","data":"{\"balance\":\"0\",\"pending\":\"0\",\"receivable\":\"0\",\"balance_nano\":\"0\",\"pending_nano\":\"0\",\"receivable_nano\":\"0\"}"}
{"timestamp":"2025-06-04T20:51:06.815Z","type":"RPC_RESPONSE","data":{"balance":"0","pending":"0","receivable":"0","balance_nano":"0","pending_nano":"0","receivable_nano":"0"}}
{"timestamp":"2025-06-04T20:51:16.827Z","type":"RPC_CALL","data":{"action":"account_balance","params":{"account":"nano_3xrjo6n3sykfuynbwqdpfqmpjhuxzm4kbk61qy17gexdndgq1t5mw6gzynq4","include_only_confirmed":true}}}
{"timestamp":"2025-06-04T20:51:17.313Z","type":"RPC_RESPONSE_RAW","data":"{\"balance\":\"0\",\"pending\":\"0\",\"receivable\":\"0\",\"balance_nano\":\"0\",\"pending_nano\":\"0\",\"receivable_nano\":\"0\"}"}
{"timestamp":"2025-06-04T20:51:17.316Z","type":"RPC_RESPONSE","data":{"balance":"0","pending":"0","receivable":"0","balance_nano":"0","pending_nano":"0","receivable_nano":"0"}}
{"timestamp":"2025-06-04T20:51:34.467Z","type":"RPC_CALL","data":{"action":"account_balance","params":{"account":"nano_3nnyjee9mqyg4kqr83cgobaud35bub96ci4sqsaaguke89hcbernrbpmobjw","include_only_confirmed":true}}}
{"timestamp":"2025-06-04T20:51:35.368Z","type":"RPC_RESPONSE_RAW","data":"{\"balance\":\"0\",\"pending\":\"0\",\"receivable\":\"0\",\"balance_nano\":\"0\",\"pending_nano\":\"0\",\"receivable_nano\":\"0\"}"}
{"timestamp":"2025-06-04T20:51:35.370Z","type":"RPC_RESPONSE","data":{"balance":"0","pending":"0","receivable":"0","balance_nano":"0","pending_nano":"0","receivable_nano":"0"}}
{"timestamp":"2025-06-04T20:51:45.382Z","type":"RPC_CALL","data":{"action":"account_balance","params":{"account":"nano_3nnyjee9mqyg4kqr83cgobaud35bub96ci4sqsaaguke89hcbernrbpmobjw","include_only_confirmed":true}}}
{"timestamp":"2025-06-04T20:51:45.842Z","type":"RPC_RESPONSE_RAW","data":"{\"balance\":\"0\",\"pending\":\"0\",\"receivable\":\"0\",\"balance_nano\":\"0\",\"pending_nano\":\"0\",\"receivable_nano\":\"0\"}"}
{"timestamp":"2025-06-04T20:51:45.846Z","type":"RPC_RESPONSE","data":{"balance":"0","pending":"0","receivable":"0","balance_nano":"0","pending_nano":"0","receivable_nano":"0"}}
