{
  "timestamp": "2025-06-04T21:08:41.611Z",
  "action": "account_balance",
  "params": {
    "account": "nano_3t6k35gi95xu6tergt6p69ck76ogmitsa8mnijtpxm9fkcm736xtoncuohr3"
  },
  "response": {
    "balance": "325586539664609129644855132177",
    "pending": "2309392633769300000000000000000000",
    "receivable": "2309392633769300000000000000000000",
    "requestsLimit": "5000",
    "requestsRemaining": "4998",
    "requestLimitReset": "Thu Jun 05 2025 23:09:04 GMT+0200 (Central European Summer Time)"
  },
  "duration": 835
}
---
{
  "timestamp": "2025-06-04T21:08:41.625Z",
  "action": "account_balance",
  "params": {
    "account": "nano_3t6k35gi95xu6tergt6p69ck76ogmitsa8mnijtpxm9fkcm736xtoncuohr3"
  },
  "response": {
    "balance": "325586539664609129644855132177",
    "pending": "2309392633769300000000000000000000",
    "receivable": "2309392633769300000000000000000000",
    "requestsLimit": "5000",
    "requestsRemaining": "4999",
    "requestLimitReset": "Thu Jun 05 2025 23:09:04 GMT+0200 (Central European Summer Time)"
  },
  "duration": 832
}
---
{
  "timestamp": "2025-06-04T21:08:42.455Z",
  "action": "account_balance",
  "params": {
    "account": "invalid_account"
  },
  "response": {
    "error": "Bad account number",
    "requestsLimit": "5000",
    "requestsRemaining": "4997",
    "requestLimitReset": "Thu Jun 05 2025 23:09:04 GMT+0200 (Central European Summer Time)"
  },
  "duration": 141,
  "error": "RPC error: Bad account number"
}
---
{
  "timestamp": "2025-06-04T21:08:42.466Z",
  "action": "account_balance",
  "params": {
    "account": "invalid_account"
  },
  "response": {
    "error": "Bad account number",
    "requestsLimit": "5000",
    "requestsRemaining": "4996",
    "requestLimitReset": "Thu Jun 05 2025 23:09:04 GMT+0200 (Central European Summer Time)"
  },
  "duration": 146,
  "error": "RPC error: Bad account number"
}
---
{
  "timestamp": "2025-06-04T21:08:42.646Z",
  "action": "account_info",
  "params": {
    "account": "nano_3t6k35gi95xu6tergt6p69ck76ogmitsa8mnijtpxm9fkcm736xtoncuohr3"
  },
  "response": {
    "frontier": "023B94B7D27B311666C8636954FE17F1FD2EAA97A8BAC27DE5084FBBD5C6B02C",
    "open_block": "991CF190094C00F0B68E2E5F75F6BEE95A2E0BD93CEAA4A6734DB9F19B728948",
    "representative_block": "023B94B7D27B311666C8636954FE17F1FD2EAA97A8BAC27DE5084FBBD5C6B02C",
    "balance": "325586539664609129644855132177",
    "modified_timestamp": "1598514077",
    "block_count": "44",
    "account_version": "2",
    "confirmation_height": "44",
    "confirmation_height_frontier": "023B94B7D27B311666C8636954FE17F1FD2EAA97A8BAC27DE5084FBBD5C6B02C",
    "requestsLimit": "5000",
    "requestsRemaining": "4995",
    "requestLimitReset": "Thu Jun 05 2025 23:09:04 GMT+0200 (Central European Summer Time)"
  },
  "duration": 151
}
---
{
  "timestamp": "2025-06-04T21:08:42.650Z",
  "action": "account_info",
  "params": {
    "account": "nano_3t6k35gi95xu6tergt6p69ck76ogmitsa8mnijtpxm9fkcm736xtoncuohr3"
  },
  "response": {
    "frontier": "023B94B7D27B311666C8636954FE17F1FD2EAA97A8BAC27DE5084FBBD5C6B02C",
    "open_block": "991CF190094C00F0B68E2E5F75F6BEE95A2E0BD93CEAA4A6734DB9F19B728948",
    "representative_block": "023B94B7D27B311666C8636954FE17F1FD2EAA97A8BAC27DE5084FBBD5C6B02C",
    "balance": "325586539664609129644855132177",
    "modified_timestamp": "1598514077",
    "block_count": "44",
    "account_version": "2",
    "confirmation_height": "44",
    "confirmation_height_frontier": "023B94B7D27B311666C8636954FE17F1FD2EAA97A8BAC27DE5084FBBD5C6B02C",
    "requestsLimit": "5000",
    "requestsRemaining": "4994",
    "requestLimitReset": "Thu Jun 05 2025 23:09:04 GMT+0200 (Central European Summer Time)"
  },
  "duration": 164
}
---
{
  "timestamp": "2025-06-04T21:08:42.202Z",
  "action": "account_balance",
  "params": {
    "account": "nano_3t6k35gi95xu6tergt6p69ck76ogmitsa8mnijtpxm9fkcm736xtoncuohr3"
  },
  "response": {
    "balance": "325586539664609129644855132177",
    "pending": "2309392633769300000000000000000000",
    "receivable": "2309392633769300000000000000000000",
    "requestsLimit": "5000",
    "requestsRemaining": "4993",
    "requestLimitReset": "Thu Jun 05 2025 23:09:04 GMT+0200 (Central European Summer Time)"
  },
  "duration": 645
}
---
{
  "timestamp": "2025-06-04T21:08:42.808Z",
  "action": "account_info",
  "params": {
    "account": "nano_1111111111111111111111111111111111111111111111111111hifc8npp"
  },
  "response": {
    "error": "Account not found",
    "requestsLimit": "5000",
    "requestsRemaining": "4992",
    "requestLimitReset": "Thu Jun 05 2025 23:09:04 GMT+0200 (Central European Summer Time)"
  },
  "duration": 143,
  "error": "RPC error: Account not found"
}
---
{
  "timestamp": "2025-06-04T21:08:42.821Z",
  "action": "block_info",
  "params": {
    "hash": "023B94B7D27B311666C8636954FE17F1FD2EAA97A8BAC27DE5084FBBD5C6B02C"
  },
  "response": {
    "block_account": "nano_3t6k35gi95xu6tergt6p69ck76ogmitsa8mnijtpxm9fkcm736xtoncuohr3",
    "amount": "0",
    "balance": "325586539664609129644855132177",
    "height": "44",
    "local_timestamp": "1598514077",
    "successor": "0000000000000000000000000000000000000000000000000000000000000000",
    "confirmed": "true",
    "contents": "{\n    \"type\": \"state\",\n    \"account\": \"nano_3t6k35gi95xu6tergt6p69ck76ogmitsa8mnijtpxm9fkcm736xtoncuohr3\",\n    \"previous\": \"6875C0DBFE5C44D8F8CFF431BC69ED5587C68F89F0663F2BC1FBBFCB46DC5989\",\n    \"representative\": \"nano_3t6k35gi95xu6tergt6p69ck76ogmitsa8mnijtpxm9fkcm736xtoncuohr3\",\n    \"balance\": \"325586539664609129644855132177\",\n    \"link\": \"65706F636820763220626C6F636B000000000000000000000000000000000000\",\n    \"link_as_account\": \"nano_1sdifxjpia5p8ai86u5hefoi1111111111111111111111111111ngspq7ps\",\n    \"signature\": \"B0FD724D1B341C7FB117AC51EB6B8D0BD56F424E7188F31718321C8B0CAEC92AE402D382917D65E9ECC741B3B31203569E9FB7B898EC4A08BEBCE859EA24BB0E\",\n    \"work\": \"494dbb4e8bd688aa\"\n}\n",
    "subtype": "epoch",
    "requestsLimit": "5000",
    "requestsRemaining": "4991",
    "requestLimitReset": "Thu Jun 05 2025 23:09:04 GMT+0200 (Central European Summer Time)"
  },
  "duration": 148
}
---
{
  "timestamp": "2025-06-04T21:08:42.870Z",
  "action": "account_balance",
  "params": {
    "account": "invalid_account"
  },
  "response": {
    "error": "Bad account number",
    "requestsLimit": "5000",
    "requestsRemaining": "4990",
    "requestLimitReset": "Thu Jun 05 2025 23:09:04 GMT+0200 (Central European Summer Time)"
  },
  "duration": 153,
  "error": "RPC error: Bad account number"
}
---
{
  "timestamp": "2025-06-04T21:08:42.960Z",
  "action": "block_count",
  "params": {},
  "response": {
    "count": "209929951",
    "unchecked": "146",
    "cemented": "209929630",
    "requestsLimit": "5000",
    "requestsRemaining": "4989",
    "requestLimitReset": "Thu Jun 05 2025 23:09:04 GMT+0200 (Central European Summer Time)"
  },
  "duration": 141
}
---
{
  "timestamp": "2025-06-04T21:08:42.976Z",
  "action": "block_info",
  "params": {
    "hash": "invalid_hash"
  },
  "response": {
    "error": "Invalid block hash",
    "requestsLimit": "5000",
    "requestsRemaining": "4988",
    "requestLimitReset": "Thu Jun 05 2025 23:09:04 GMT+0200 (Central European Summer Time)"
  },
  "duration": 139,
  "error": "RPC error: Invalid block hash"
}
---
{
  "timestamp": "2025-06-04T21:08:43.042Z",
  "action": "account_info",
  "params": {
    "account": "nano_3t6k35gi95xu6tergt6p69ck76ogmitsa8mnijtpxm9fkcm736xtoncuohr3"
  },
  "response": {
    "frontier": "023B94B7D27B311666C8636954FE17F1FD2EAA97A8BAC27DE5084FBBD5C6B02C",
    "open_block": "991CF190094C00F0B68E2E5F75F6BEE95A2E0BD93CEAA4A6734DB9F19B728948",
    "representative_block": "023B94B7D27B311666C8636954FE17F1FD2EAA97A8BAC27DE5084FBBD5C6B02C",
    "balance": "325586539664609129644855132177",
    "modified_timestamp": "1598514077",
    "block_count": "44",
    "account_version": "2",
    "confirmation_height": "44",
    "confirmation_height_frontier": "023B94B7D27B311666C8636954FE17F1FD2EAA97A8BAC27DE5084FBBD5C6B02C",
    "requestsLimit": "5000",
    "requestsRemaining": "4987",
    "requestLimitReset": "Thu Jun 05 2025 23:09:04 GMT+0200 (Central European Summer Time)"
  },
  "duration": 150
}
---
{
  "timestamp": "2025-06-04T21:08:43.118Z",
  "action": "block_count",
  "params": {},
  "response": {
    "count": "209929951",
    "unchecked": "146",
    "cemented": "209929630",
    "requestsLimit": "5000",
    "requestsRemaining": "4985",
    "requestLimitReset": "Thu Jun 05 2025 23:09:04 GMT+0200 (Central European Summer Time)"
  },
  "duration": 140
}
---
{
  "timestamp": "2025-06-04T21:08:43.108Z",
  "action": "version",
  "params": {},
  "response": {
    "rpc_version": "1",
    "store_version": "24",
    "protocol_version": "21",
    "node_vendor": "Nano V28.0",
    "store_vendor": "LMDB 0.9.70",
    "network": "live",
    "network_identifier": "991CF190094C00F0B68E2E5F75F6BEE95A2E0BD93CEAA4A6734DB9F19B728948",
    "build_info": "5ecee79 \"GNU C++ version \" \"11.4.0\" \"BOOST 108600\" BUILT \"May  3 2025\"",
    "requestsLimit": "5000",
    "requestsRemaining": "4986",
    "requestLimitReset": "Thu Jun 05 2025 23:09:04 GMT+0200 (Central European Summer Time)"
  },
  "duration": 148
}
---
{
  "timestamp": "2025-06-04T21:08:43.205Z",
  "action": "block_info",
  "params": {
    "hash": "023B94B7D27B311666C8636954FE17F1FD2EAA97A8BAC27DE5084FBBD5C6B02C"
  },
  "response": {
    "block_account": "nano_3t6k35gi95xu6tergt6p69ck76ogmitsa8mnijtpxm9fkcm736xtoncuohr3",
    "amount": "0",
    "balance": "325586539664609129644855132177",
    "height": "44",
    "local_timestamp": "1598514077",
    "successor": "0000000000000000000000000000000000000000000000000000000000000000",
    "confirmed": "true",
    "contents": "{\n    \"type\": \"state\",\n    \"account\": \"nano_3t6k35gi95xu6tergt6p69ck76ogmitsa8mnijtpxm9fkcm736xtoncuohr3\",\n    \"previous\": \"6875C0DBFE5C44D8F8CFF431BC69ED5587C68F89F0663F2BC1FBBFCB46DC5989\",\n    \"representative\": \"nano_3t6k35gi95xu6tergt6p69ck76ogmitsa8mnijtpxm9fkcm736xtoncuohr3\",\n    \"balance\": \"325586539664609129644855132177\",\n    \"link\": \"65706F636820763220626C6F636B000000000000000000000000000000000000\",\n    \"link_as_account\": \"nano_1sdifxjpia5p8ai86u5hefoi1111111111111111111111111111ngspq7ps\",\n    \"signature\": \"B0FD724D1B341C7FB117AC51EB6B8D0BD56F424E7188F31718321C8B0CAEC92AE402D382917D65E9ECC741B3B31203569E9FB7B898EC4A08BEBCE859EA24BB0E\",\n    \"work\": \"494dbb4e8bd688aa\"\n}\n",
    "subtype": "epoch",
    "requestsLimit": "5000",
    "requestsRemaining": "4984",
    "requestLimitReset": "Thu Jun 05 2025 23:09:04 GMT+0200 (Central European Summer Time)"
  },
  "duration": 157
}
---
{
  "timestamp": "2025-06-04T21:08:43.266Z",
  "action": "account_info",
  "params": {
    "account": "nano_1111111111111111111111111111111111111111111111111111hifc8npp"
  },
  "response": {
    "error": "Account not found",
    "requestsLimit": "5000",
    "requestsRemaining": "4983",
    "requestLimitReset": "Thu Jun 05 2025 23:09:04 GMT+0200 (Central European Summer Time)"
  },
  "duration": 140,
  "error": "RPC error: Account not found"
}
---
{
  "timestamp": "2025-06-04T21:08:43.368Z",
  "action": "block_info",
  "params": {
    "hash": "invalid_hash"
  },
  "response": {
    "error": "Invalid block hash",
    "requestsLimit": "5000",
    "requestsRemaining": "4982",
    "requestLimitReset": "Thu Jun 05 2025 23:09:04 GMT+0200 (Central European Summer Time)"
  },
  "duration": 143,
  "error": "RPC error: Invalid block hash"
}
---
{
  "timestamp": "2025-06-04T21:08:43.411Z",
  "action": "block_info",
  "params": {
    "hash": "0000000000000000000000000000000000000000000000000000000000000000"
  },
  "response": {
    "error": "Block not found",
    "requestsLimit": "5000",
    "requestsRemaining": "4981",
    "requestLimitReset": "Thu Jun 05 2025 23:09:04 GMT+0200 (Central European Summer Time)"
  },
  "duration": 141,
  "error": "RPC error: Block not found"
}
---
{
  "timestamp": "2025-06-04T21:08:43.513Z",
  "action": "block_count",
  "params": {},
  "response": {
    "count": "209929951",
    "unchecked": "146",
    "cemented": "209929630",
    "requestsLimit": "5000",
    "requestsRemaining": "4980",
    "requestLimitReset": "Thu Jun 05 2025 23:09:04 GMT+0200 (Central European Summer Time)"
  },
  "duration": 144
}
---
{
  "timestamp": "2025-06-04T21:08:43.562Z",
  "action": "version",
  "params": {},
  "response": {
    "rpc_version": "1",
    "store_version": "24",
    "protocol_version": "21",
    "node_vendor": "Nano V28.0",
    "store_vendor": "LMDB 0.9.70",
    "network": "live",
    "network_identifier": "991CF190094C00F0B68E2E5F75F6BEE95A2E0BD93CEAA4A6734DB9F19B728948",
    "build_info": "5ecee79 \"GNU C++ version \" \"11.4.0\" \"BOOST 108600\" BUILT \"May  3 2025\"",
    "requestsLimit": "5000",
    "requestsRemaining": "4979",
    "requestLimitReset": "Thu Jun 05 2025 23:09:04 GMT+0200 (Central European Summer Time)"
  },
  "duration": 148
}
---
{
  "timestamp": "2025-06-04T21:08:43.663Z",
  "action": "account_info",
  "params": {
    "account": "nano_1111111111111111111111111111111111111111111111111111hifc8npp"
  },
  "response": {
    "error": "Account not found",
    "requestsLimit": "5000",
    "requestsRemaining": "4978",
    "requestLimitReset": "Thu Jun 05 2025 23:09:04 GMT+0200 (Central European Summer Time)"
  },
  "duration": 146,
  "error": "RPC error: Account not found"
}
---
{
  "timestamp": "2025-06-04T21:08:43.813Z",
  "action": "block_info",
  "params": {
    "hash": "0000000000000000000000000000000000000000000000000000000000000000"
  },
  "response": {
    "error": "Block not found",
    "requestsLimit": "5000",
    "requestsRemaining": "4977",
    "requestLimitReset": "Thu Jun 05 2025 23:09:04 GMT+0200 (Central European Summer Time)"
  },
  "duration": 146,
  "error": "RPC error: Block not found"
}
---
{
  "timestamp": "2025-06-04T21:08:43.974Z",
  "action": "version",
  "params": {},
  "response": {
    "rpc_version": "1",
    "store_version": "24",
    "protocol_version": "21",
    "node_vendor": "Nano V28.0",
    "store_vendor": "LMDB 0.9.70",
    "network": "live",
    "network_identifier": "991CF190094C00F0B68E2E5F75F6BEE95A2E0BD93CEAA4A6734DB9F19B728948",
    "build_info": "5ecee79 \"GNU C++ version \" \"11.4.0\" \"BOOST 108600\" BUILT \"May  3 2025\"",
    "requestsLimit": "5000",
    "requestsRemaining": "4976",
    "requestLimitReset": "Thu Jun 05 2025 23:09:04 GMT+0200 (Central European Summer Time)"
  },
  "duration": 146
}
---
{
  "timestamp": "2025-06-04T21:08:44.430Z",
  "action": "account_balance",
  "params": {
    "account": "nano_3t6k35gi95xu6tergt6p69ck76ogmitsa8mnijtpxm9fkcm736xtoncuohr3"
  },
  "response": {
    "balance": "325586539664609129644855132177",
    "pending": "2309392633769300000000000000000000",
    "receivable": "2309392633769300000000000000000000",
    "requestsLimit": "5000",
    "requestsRemaining": "4975",
    "requestLimitReset": "Thu Jun 05 2025 23:09:04 GMT+0200 (Central European Summer Time)"
  },
  "duration": 155
}
---
{
  "timestamp": "2025-06-04T21:08:44.600Z",
  "action": "account_balance",
  "params": {
    "account": "invalid_account"
  },
  "response": {
    "error": "Bad account number",
    "requestsLimit": "5000",
    "requestsRemaining": "4974",
    "requestLimitReset": "Thu Jun 05 2025 23:09:04 GMT+0200 (Central European Summer Time)"
  },
  "duration": 142,
  "error": "RPC error: Bad account number"
}
---
{
  "timestamp": "2025-06-04T21:08:44.759Z",
  "action": "account_info",
  "params": {
    "account": "nano_3t6k35gi95xu6tergt6p69ck76ogmitsa8mnijtpxm9fkcm736xtoncuohr3"
  },
  "response": {
    "frontier": "023B94B7D27B311666C8636954FE17F1FD2EAA97A8BAC27DE5084FBBD5C6B02C",
    "open_block": "991CF190094C00F0B68E2E5F75F6BEE95A2E0BD93CEAA4A6734DB9F19B728948",
    "representative_block": "023B94B7D27B311666C8636954FE17F1FD2EAA97A8BAC27DE5084FBBD5C6B02C",
    "balance": "325586539664609129644855132177",
    "modified_timestamp": "1598514077",
    "block_count": "44",
    "account_version": "2",
    "confirmation_height": "44",
    "confirmation_height_frontier": "023B94B7D27B311666C8636954FE17F1FD2EAA97A8BAC27DE5084FBBD5C6B02C",
    "requestsLimit": "5000",
    "requestsRemaining": "4973",
    "requestLimitReset": "Thu Jun 05 2025 23:09:04 GMT+0200 (Central European Summer Time)"
  },
  "duration": 148
}
---
{
  "timestamp": "2025-06-04T21:08:44.912Z",
  "action": "account_info",
  "params": {
    "account": "nano_1111111111111111111111111111111111111111111111111111hifc8npp"
  },
  "response": {
    "error": "Account not found",
    "requestsLimit": "5000",
    "requestsRemaining": "4972",
    "requestLimitReset": "Thu Jun 05 2025 23:09:04 GMT+0200 (Central European Summer Time)"
  },
  "duration": 139,
  "error": "RPC error: Account not found"
}
---
{
  "timestamp": "2025-06-04T21:08:45.060Z",
  "action": "block_count",
  "params": {},
  "response": {
    "count": "209929951",
    "unchecked": "146",
    "cemented": "209929630",
    "requestsLimit": "5000",
    "requestsRemaining": "4971",
    "requestLimitReset": "Thu Jun 05 2025 23:09:04 GMT+0200 (Central European Summer Time)"
  },
  "duration": 143
}
---
{
  "timestamp": "2025-06-04T21:08:45.215Z",
  "action": "version",
  "params": {},
  "response": {
    "rpc_version": "1",
    "store_version": "24",
    "protocol_version": "21",
    "node_vendor": "Nano V28.0",
    "store_vendor": "LMDB 0.9.70",
    "network": "live",
    "network_identifier": "991CF190094C00F0B68E2E5F75F6BEE95A2E0BD93CEAA4A6734DB9F19B728948",
    "build_info": "5ecee79 \"GNU C++ version \" \"11.4.0\" \"BOOST 108600\" BUILT \"May  3 2025\"",
    "requestsLimit": "5000",
    "requestsRemaining": "4970",
    "requestLimitReset": "Thu Jun 05 2025 23:09:04 GMT+0200 (Central European Summer Time)"
  },
  "duration": 139
}
---
{
  "timestamp": "2025-06-04T21:14:26.981Z",
  "action": "account_balance",
  "params": {
    "account": "nano_3t6k35gi95xu6tergt6p69ck76ogmitsa8mnijtpxm9fkcm736xtoncuohr3"
  },
  "response": {
    "balance": "325586539664609129644855132177",
    "pending": "2309392633769300000000000000000000",
    "receivable": "2309392633769300000000000000000000",
    "requestsLimit": "5000",
    "requestsRemaining": "4969",
    "requestLimitReset": "Thu Jun 05 2025 23:09:04 GMT+0200 (Central European Summer Time)"
  },
  "duration": 765
}
---
{
  "timestamp": "2025-06-04T21:14:27.034Z",
  "action": "account_balance",
  "params": {
    "account": "nano_3t6k35gi95xu6tergt6p69ck76ogmitsa8mnijtpxm9fkcm736xtoncuohr3"
  },
  "response": {
    "balance": "325586539664609129644855132177",
    "pending": "2309392633769300000000000000000000",
    "receivable": "2309392633769300000000000000000000",
    "requestsLimit": "5000",
    "requestsRemaining": "4968",
    "requestLimitReset": "Thu Jun 05 2025 23:09:04 GMT+0200 (Central European Summer Time)"
  },
  "duration": 753
}
---
{
  "timestamp": "2025-06-04T21:14:27.268Z",
  "action": "account_balance",
  "params": {
    "account": "nano_3t6k35gi95xu6tergt6p69ck76ogmitsa8mnijtpxm9fkcm736xtoncuohr3"
  },
  "response": {
    "balance": "325586539664609129644855132177",
    "pending": "2309392633769300000000000000000000",
    "receivable": "2309392633769300000000000000000000",
    "requestsLimit": "5000",
    "requestsRemaining": "4967",
    "requestLimitReset": "Thu Jun 05 2025 23:09:04 GMT+0200 (Central European Summer Time)"
  },
  "duration": 587
}
---
{
  "timestamp": "2025-06-04T21:14:27.756Z",
  "action": "account_balance",
  "params": {
    "account": "invalid_account"
  },
  "response": {
    "error": "Bad account number",
    "requestsLimit": "5000",
    "requestsRemaining": "4966",
    "requestLimitReset": "Thu Jun 05 2025 23:09:04 GMT+0200 (Central European Summer Time)"
  },
  "duration": 137,
  "error": "RPC error: Bad account number"
}
---
{
  "timestamp": "2025-06-04T21:14:27.795Z",
  "action": "account_balance",
  "params": {
    "account": "invalid_account"
  },
  "response": {
    "error": "Bad account number",
    "requestsLimit": "5000",
    "requestsRemaining": "4965",
    "requestLimitReset": "Thu Jun 05 2025 23:09:04 GMT+0200 (Central European Summer Time)"
  },
  "duration": 149,
  "error": "RPC error: Bad account number"
}
---
{
  "timestamp": "2025-06-04T21:14:27.865Z",
  "action": "account_balance",
  "params": {
    "account": "invalid_account"
  },
  "response": {
    "error": "Bad account number",
    "requestsLimit": "5000",
    "requestsRemaining": "4964",
    "requestLimitReset": "Thu Jun 05 2025 23:09:04 GMT+0200 (Central European Summer Time)"
  },
  "duration": 141,
  "error": "RPC error: Bad account number"
}
---
{
  "timestamp": "2025-06-04T21:14:27.919Z",
  "action": "account_info",
  "params": {
    "account": "nano_3t6k35gi95xu6tergt6p69ck76ogmitsa8mnijtpxm9fkcm736xtoncuohr3"
  },
  "response": {
    "frontier": "023B94B7D27B311666C8636954FE17F1FD2EAA97A8BAC27DE5084FBBD5C6B02C",
    "open_block": "991CF190094C00F0B68E2E5F75F6BEE95A2E0BD93CEAA4A6734DB9F19B728948",
    "representative_block": "023B94B7D27B311666C8636954FE17F1FD2EAA97A8BAC27DE5084FBBD5C6B02C",
    "balance": "325586539664609129644855132177",
    "modified_timestamp": "1598514077",
    "block_count": "44",
    "account_version": "2",
    "confirmation_height": "44",
    "confirmation_height_frontier": "023B94B7D27B311666C8636954FE17F1FD2EAA97A8BAC27DE5084FBBD5C6B02C",
    "requestsLimit": "5000",
    "requestsRemaining": "4963",
    "requestLimitReset": "Thu Jun 05 2025 23:09:04 GMT+0200 (Central European Summer Time)"
  },
  "duration": 141
}
---
{
  "timestamp": "2025-06-04T21:14:27.962Z",
  "action": "account_info",
  "params": {
    "account": "nano_3t6k35gi95xu6tergt6p69ck76ogmitsa8mnijtpxm9fkcm736xtoncuohr3"
  },
  "response": {
    "frontier": "023B94B7D27B311666C8636954FE17F1FD2EAA97A8BAC27DE5084FBBD5C6B02C",
    "open_block": "991CF190094C00F0B68E2E5F75F6BEE95A2E0BD93CEAA4A6734DB9F19B728948",
    "representative_block": "023B94B7D27B311666C8636954FE17F1FD2EAA97A8BAC27DE5084FBBD5C6B02C",
    "balance": "325586539664609129644855132177",
    "modified_timestamp": "1598514077",
    "block_count": "44",
    "account_version": "2",
    "confirmation_height": "44",
    "confirmation_height_frontier": "023B94B7D27B311666C8636954FE17F1FD2EAA97A8BAC27DE5084FBBD5C6B02C",
    "requestsLimit": "5000",
    "requestsRemaining": "4962",
    "requestLimitReset": "Thu Jun 05 2025 23:09:04 GMT+0200 (Central European Summer Time)"
  },
  "duration": 150
}
---
{
  "timestamp": "2025-06-04T21:14:28.021Z",
  "action": "account_info",
  "params": {
    "account": "nano_3t6k35gi95xu6tergt6p69ck76ogmitsa8mnijtpxm9fkcm736xtoncuohr3"
  },
  "response": {
    "frontier": "023B94B7D27B311666C8636954FE17F1FD2EAA97A8BAC27DE5084FBBD5C6B02C",
    "open_block": "991CF190094C00F0B68E2E5F75F6BEE95A2E0BD93CEAA4A6734DB9F19B728948",
    "representative_block": "023B94B7D27B311666C8636954FE17F1FD2EAA97A8BAC27DE5084FBBD5C6B02C",
    "balance": "325586539664609129644855132177",
    "modified_timestamp": "1598514077",
    "block_count": "44",
    "account_version": "2",
    "confirmation_height": "44",
    "confirmation_height_frontier": "023B94B7D27B311666C8636954FE17F1FD2EAA97A8BAC27DE5084FBBD5C6B02C",
    "requestsLimit": "5000",
    "requestsRemaining": "4961",
    "requestLimitReset": "Thu Jun 05 2025 23:09:04 GMT+0200 (Central European Summer Time)"
  },
  "duration": 145
}
---
{
  "timestamp": "2025-06-04T21:14:28.067Z",
  "action": "block_info",
  "params": {
    "hash": "023B94B7D27B311666C8636954FE17F1FD2EAA97A8BAC27DE5084FBBD5C6B02C"
  },
  "response": {
    "block_account": "nano_3t6k35gi95xu6tergt6p69ck76ogmitsa8mnijtpxm9fkcm736xtoncuohr3",
    "amount": "0",
    "balance": "325586539664609129644855132177",
    "height": "44",
    "local_timestamp": "1598514077",
    "successor": "0000000000000000000000000000000000000000000000000000000000000000",
    "confirmed": "true",
    "contents": "{\n    \"type\": \"state\",\n    \"account\": \"nano_3t6k35gi95xu6tergt6p69ck76ogmitsa8mnijtpxm9fkcm736xtoncuohr3\",\n    \"previous\": \"6875C0DBFE5C44D8F8CFF431BC69ED5587C68F89F0663F2BC1FBBFCB46DC5989\",\n    \"representative\": \"nano_3t6k35gi95xu6tergt6p69ck76ogmitsa8mnijtpxm9fkcm736xtoncuohr3\",\n    \"balance\": \"325586539664609129644855132177\",\n    \"link\": \"65706F636820763220626C6F636B000000000000000000000000000000000000\",\n    \"link_as_account\": \"nano_1sdifxjpia5p8ai86u5hefoi1111111111111111111111111111ngspq7ps\",\n    \"signature\": \"B0FD724D1B341C7FB117AC51EB6B8D0BD56F424E7188F31718321C8B0CAEC92AE402D382917D65E9ECC741B3B31203569E9FB7B898EC4A08BEBCE859EA24BB0E\",\n    \"work\": \"494dbb4e8bd688aa\"\n}\n",
    "subtype": "epoch",
    "requestsLimit": "5000",
    "requestsRemaining": "4960",
    "requestLimitReset": "Thu Jun 05 2025 23:09:04 GMT+0200 (Central European Summer Time)"
  },
  "duration": 144
}
---
{
  "timestamp": "2025-06-04T21:14:28.120Z",
  "action": "account_info",
  "params": {
    "account": "nano_1111111111111111111111111111111111111111111111111111hifc8npp"
  },
  "response": {
    "error": "Account not found",
    "requestsLimit": "5000",
    "requestsRemaining": "4959",
    "requestLimitReset": "Thu Jun 05 2025 23:09:04 GMT+0200 (Central European Summer Time)"
  },
  "duration": 147,
  "error": "RPC error: Account not found"
}
---
{
  "timestamp": "2025-06-04T21:14:28.171Z",
  "action": "block_info",
  "params": {
    "hash": "023B94B7D27B311666C8636954FE17F1FD2EAA97A8BAC27DE5084FBBD5C6B02C"
  },
  "response": {
    "block_account": "nano_3t6k35gi95xu6tergt6p69ck76ogmitsa8mnijtpxm9fkcm736xtoncuohr3",
    "amount": "0",
    "balance": "325586539664609129644855132177",
    "height": "44",
    "local_timestamp": "1598514077",
    "successor": "0000000000000000000000000000000000000000000000000000000000000000",
    "confirmed": "true",
    "contents": "{\n    \"type\": \"state\",\n    \"account\": \"nano_3t6k35gi95xu6tergt6p69ck76ogmitsa8mnijtpxm9fkcm736xtoncuohr3\",\n    \"previous\": \"6875C0DBFE5C44D8F8CFF431BC69ED5587C68F89F0663F2BC1FBBFCB46DC5989\",\n    \"representative\": \"nano_3t6k35gi95xu6tergt6p69ck76ogmitsa8mnijtpxm9fkcm736xtoncuohr3\",\n    \"balance\": \"325586539664609129644855132177\",\n    \"link\": \"65706F636820763220626C6F636B000000000000000000000000000000000000\",\n    \"link_as_account\": \"nano_1sdifxjpia5p8ai86u5hefoi1111111111111111111111111111ngspq7ps\",\n    \"signature\": \"B0FD724D1B341C7FB117AC51EB6B8D0BD56F424E7188F31718321C8B0CAEC92AE402D382917D65E9ECC741B3B31203569E9FB7B898EC4A08BEBCE859EA24BB0E\",\n    \"work\": \"494dbb4e8bd688aa\"\n}\n",
    "subtype": "epoch",
    "requestsLimit": "5000",
    "requestsRemaining": "4958",
    "requestLimitReset": "Thu Jun 05 2025 23:09:04 GMT+0200 (Central European Summer Time)"
  },
  "duration": 146
}
---
{
  "timestamp": "2025-06-04T21:14:28.217Z",
  "action": "block_info",
  "params": {
    "hash": "invalid_hash"
  },
  "response": {
    "error": "Invalid block hash",
    "requestsLimit": "5000",
    "requestsRemaining": "4957",
    "requestLimitReset": "Thu Jun 05 2025 23:09:04 GMT+0200 (Central European Summer Time)"
  },
  "duration": 136,
  "error": "RPC error: Invalid block hash"
}
---
{
  "timestamp": "2025-06-04T21:14:28.272Z",
  "action": "block_count",
  "params": {},
  "response": {
    "count": "209930014",
    "unchecked": "146",
    "cemented": "209929693",
    "requestsLimit": "5000",
    "requestsRemaining": "4956",
    "requestLimitReset": "Thu Jun 05 2025 23:09:04 GMT+0200 (Central European Summer Time)"
  },
  "duration": 146
}
---
{
  "timestamp": "2025-06-04T21:14:28.323Z",
  "action": "block_info",
  "params": {
    "hash": "invalid_hash"
  },
  "response": {
    "error": "Invalid block hash",
    "requestsLimit": "5000",
    "requestsRemaining": "4955",
    "requestLimitReset": "Thu Jun 05 2025 23:09:04 GMT+0200 (Central European Summer Time)"
  },
  "duration": 147,
  "error": "RPC error: Invalid block hash"
}
---
{
  "timestamp": "2025-06-04T21:14:28.357Z",
  "action": "block_count",
  "params": {},
  "response": {
    "count": "209930014",
    "unchecked": "146",
    "cemented": "209929693",
    "requestsLimit": "5000",
    "requestsRemaining": "4954",
    "requestLimitReset": "Thu Jun 05 2025 23:09:04 GMT+0200 (Central European Summer Time)"
  },
  "duration": 139
}
---
{
  "timestamp": "2025-06-04T21:14:28.422Z",
  "action": "version",
  "params": {},
  "response": {
    "rpc_version": "1",
    "store_version": "24",
    "protocol_version": "21",
    "node_vendor": "Nano V28.0",
    "store_vendor": "LMDB 0.9.70",
    "network": "live",
    "network_identifier": "991CF190094C00F0B68E2E5F75F6BEE95A2E0BD93CEAA4A6734DB9F19B728948",
    "build_info": "5ecee79 \"GNU C++ version \" \"11.4.0\" \"BOOST 108600\" BUILT \"May  3 2025\"",
    "requestsLimit": "5000",
    "requestsRemaining": "4953",
    "requestLimitReset": "Thu Jun 05 2025 23:09:04 GMT+0200 (Central European Summer Time)"
  },
  "duration": 146
}
---
{
  "timestamp": "2025-06-04T21:14:28.477Z",
  "action": "block_count",
  "params": {},
  "response": {
    "count": "209930014",
    "unchecked": "146",
    "cemented": "209929693",
    "requestsLimit": "5000",
    "requestsRemaining": "4952",
    "requestLimitReset": "Thu Jun 05 2025 23:09:04 GMT+0200 (Central European Summer Time)"
  },
  "duration": 138
}
---
{
  "timestamp": "2025-06-04T21:14:28.500Z",
  "action": "account_info",
  "params": {
    "account": "nano_1111111111111111111111111111111111111111111111111111hifc8npp"
  },
  "response": {
    "error": "Account not found",
    "requestsLimit": "5000",
    "requestsRemaining": "4951",
    "requestLimitReset": "Thu Jun 05 2025 23:09:04 GMT+0200 (Central European Summer Time)"
  },
  "duration": 140,
  "error": "RPC error: Account not found"
}
---
{
  "timestamp": "2025-06-04T21:14:28.628Z",
  "action": "account_info",
  "params": {
    "account": "nano_1111111111111111111111111111111111111111111111111111hifc8npp"
  },
  "response": {
    "error": "Account not found",
    "requestsLimit": "5000",
    "requestsRemaining": "4950",
    "requestLimitReset": "Thu Jun 05 2025 23:09:04 GMT+0200 (Central European Summer Time)"
  },
  "duration": 146,
  "error": "RPC error: Account not found"
}
---
{
  "timestamp": "2025-06-04T21:14:28.643Z",
  "action": "block_info",
  "params": {
    "hash": "0000000000000000000000000000000000000000000000000000000000000000"
  },
  "response": {
    "error": "Block not found",
    "requestsLimit": "5000",
    "requestsRemaining": "4949",
    "requestLimitReset": "Thu Jun 05 2025 23:09:04 GMT+0200 (Central European Summer Time)"
  },
  "duration": 135,
  "error": "RPC error: Block not found"
}
---
{
  "timestamp": "2025-06-04T21:14:28.781Z",
  "action": "version",
  "params": {},
  "response": {
    "rpc_version": "1",
    "store_version": "24",
    "protocol_version": "21",
    "node_vendor": "Nano V28.0",
    "store_vendor": "LMDB 0.9.70",
    "network": "live",
    "network_identifier": "991CF190094C00F0B68E2E5F75F6BEE95A2E0BD93CEAA4A6734DB9F19B728948",
    "build_info": "5ecee79 \"GNU C++ version \" \"11.4.0\" \"BOOST 108600\" BUILT \"May  3 2025\"",
    "requestsLimit": "5000",
    "requestsRemaining": "4948",
    "requestLimitReset": "Thu Jun 05 2025 23:09:04 GMT+0200 (Central European Summer Time)"
  },
  "duration": 139
}
---
{
  "timestamp": "2025-06-04T21:14:28.779Z",
  "action": "block_info",
  "params": {
    "hash": "0000000000000000000000000000000000000000000000000000000000000000"
  },
  "response": {
    "error": "Block not found",
    "requestsLimit": "5000",
    "requestsRemaining": "4947",
    "requestLimitReset": "Thu Jun 05 2025 23:09:04 GMT+0200 (Central European Summer Time)"
  },
  "duration": 143,
  "error": "RPC error: Block not found"
}
---
{
  "timestamp": "2025-06-04T21:14:28.946Z",
  "action": "version",
  "params": {},
  "response": {
    "rpc_version": "1",
    "store_version": "24",
    "protocol_version": "21",
    "node_vendor": "Nano V28.0",
    "store_vendor": "LMDB 0.9.70",
    "network": "live",
    "network_identifier": "991CF190094C00F0B68E2E5F75F6BEE95A2E0BD93CEAA4A6734DB9F19B728948",
    "build_info": "5ecee79 \"GNU C++ version \" \"11.4.0\" \"BOOST 108600\" BUILT \"May  3 2025\"",
    "requestsLimit": "5000",
    "requestsRemaining": "4946",
    "requestLimitReset": "Thu Jun 05 2025 23:09:04 GMT+0200 (Central European Summer Time)"
  },
  "duration": 137
}
---
{
  "timestamp": "2025-06-04T21:14:29.256Z",
  "action": "account_balance",
  "params": {
    "account": "nano_3t6k35gi95xu6tergt6p69ck76ogmitsa8mnijtpxm9fkcm736xtoncuohr3"
  },
  "response": {
    "balance": "325586539664609129644855132177",
    "pending": "2309392633769300000000000000000000",
    "receivable": "2309392633769300000000000000000000",
    "requestsLimit": "5000",
    "requestsRemaining": "4945",
    "requestLimitReset": "Thu Jun 05 2025 23:09:04 GMT+0200 (Central European Summer Time)"
  },
  "duration": 314
}
---
{
  "timestamp": "2025-06-04T21:14:29.579Z",
  "action": "account_balance",
  "params": {
    "account": "invalid_account"
  },
  "response": {
    "error": "Bad account number",
    "requestsLimit": "5000",
    "requestsRemaining": "4944",
    "requestLimitReset": "Thu Jun 05 2025 23:09:04 GMT+0200 (Central European Summer Time)"
  },
  "duration": 147,
  "error": "RPC error: Bad account number"
}
---
{
  "timestamp": "2025-06-04T21:14:29.748Z",
  "action": "account_info",
  "params": {
    "account": "nano_3t6k35gi95xu6tergt6p69ck76ogmitsa8mnijtpxm9fkcm736xtoncuohr3"
  },
  "response": {
    "frontier": "023B94B7D27B311666C8636954FE17F1FD2EAA97A8BAC27DE5084FBBD5C6B02C",
    "open_block": "991CF190094C00F0B68E2E5F75F6BEE95A2E0BD93CEAA4A6734DB9F19B728948",
    "representative_block": "023B94B7D27B311666C8636954FE17F1FD2EAA97A8BAC27DE5084FBBD5C6B02C",
    "balance": "325586539664609129644855132177",
    "modified_timestamp": "1598514077",
    "block_count": "44",
    "account_version": "2",
    "confirmation_height": "44",
    "confirmation_height_frontier": "023B94B7D27B311666C8636954FE17F1FD2EAA97A8BAC27DE5084FBBD5C6B02C",
    "requestsLimit": "5000",
    "requestsRemaining": "4943",
    "requestLimitReset": "Thu Jun 05 2025 23:09:04 GMT+0200 (Central European Summer Time)"
  },
  "duration": 155
}
---
{
  "timestamp": "2025-06-04T21:14:29.916Z",
  "action": "account_info",
  "params": {
    "account": "nano_1111111111111111111111111111111111111111111111111111hifc8npp"
  },
  "response": {
    "error": "Account not found",
    "requestsLimit": "5000",
    "requestsRemaining": "4942",
    "requestLimitReset": "Thu Jun 05 2025 23:09:04 GMT+0200 (Central European Summer Time)"
  },
  "duration": 149,
  "error": "RPC error: Account not found"
}
---
{
  "timestamp": "2025-06-04T21:14:30.069Z",
  "action": "block_count",
  "params": {},
  "response": {
    "count": "209930014",
    "unchecked": "146",
    "cemented": "209929693",
    "requestsLimit": "5000",
    "requestsRemaining": "4941",
    "requestLimitReset": "Thu Jun 05 2025 23:09:04 GMT+0200 (Central European Summer Time)"
  },
  "duration": 146
}
---
{
  "timestamp": "2025-06-04T21:14:30.223Z",
  "action": "version",
  "params": {},
  "response": {
    "rpc_version": "1",
    "store_version": "24",
    "protocol_version": "21",
    "node_vendor": "Nano V28.0",
    "store_vendor": "LMDB 0.9.70",
    "network": "live",
    "network_identifier": "991CF190094C00F0B68E2E5F75F6BEE95A2E0BD93CEAA4A6734DB9F19B728948",
    "build_info": "5ecee79 \"GNU C++ version \" \"11.4.0\" \"BOOST 108600\" BUILT \"May  3 2025\"",
    "requestsLimit": "5000",
    "requestsRemaining": "4940",
    "requestLimitReset": "Thu Jun 05 2025 23:09:04 GMT+0200 (Central European Summer Time)"
  },
  "duration": 152
}
---
