[2025-06-05T18:52:29.469Z] {"balance":"0","pending":"0","receivable":"0","balance_nano":"0","pending_nano":"0","receivable_nano":"0"}
[2025-06-05T18:52:40.112Z] {"balance":"0","pending":"0","receivable":"0","balance_nano":"0","pending_nano":"0","receivable_nano":"0"}
[2025-06-05T18:52:50.870Z] {"balance":"0","pending":"0","receivable":"0","balance_nano":"0","pending_nano":"0","receivable_nano":"0"}
[2025-06-05T18:53:01.545Z] {"balance":"0","pending":"0","receivable":"0","balance_nano":"0","pending_nano":"0","receivable_nano":"0"}
[2025-06-05T18:53:12.064Z] {"balance":"0","pending":"0","receivable":"0","balance_nano":"0","pending_nano":"0","receivable_nano":"0"}
[2025-06-05T18:53:22.641Z] {"balance":"0","pending":"0","receivable":"0","balance_nano":"0","pending_nano":"0","receivable_nano":"0"}
[2025-06-05T18:53:33.192Z] {"balance":"0","pending":"0","receivable":"0","balance_nano":"0","pending_nano":"0","receivable_nano":"0"}
[2025-06-05T18:53:43.776Z] {"balance":"0","pending":"0","receivable":"0","balance_nano":"0","pending_nano":"0","receivable_nano":"0"}
[2025-06-05T18:53:54.344Z] {"balance":"0","pending":"0","receivable":"0","balance_nano":"0","pending_nano":"0","receivable_nano":"0"}
[2025-06-05T18:54:05.596Z] {"balance":"0","pending":"10000000000000000000000000","receivable":"10000000000000000000000000","balance_nano":"0","pending_nano":"0.00001","receivable_nano":"0.00001"}
[2025-06-05T18:54:06.126Z] {"deprecated":"1","blocks":{"6D70904873068720F8A5C9D89EAF823497BB1F99262A13B622893F35756AB832":{"amount":"10000000000000000000000000","source":"nano_3qya5xpjfsbk3ndfebo9dsrj6iy6f6idmogqtn1mtzdtwnxu6rw3dz18i6xf"}}}
[2025-06-05T18:54:06.568Z] {"blocks":{"6D70904873068720F8A5C9D89EAF823497BB1F99262A13B622893F35756AB832":{"block_account":"nano_3qya5xpjfsbk3ndfebo9dsrj6iy6f6idmogqtn1mtzdtwnxu6rw3dz18i6xf","amount":"10000000000000000000000000","balance":"1000870000000000000000000000000","height":"15","local_timestamp":"1749149662","successor":"0000000000000000000000000000000000000000000000000000000000000000","confirmed":"true","contents":{"type":"state","account":"nano_3qya5xpjfsbk3ndfebo9dsrj6iy6f6idmogqtn1mtzdtwnxu6rw3dz18i6xf","previous":"B4E1D48303F7599125D37A00A149A3B5D342AB43C7A18609ECDDEC9FCADC402D","representative":"nano_1stofnrxuz3cai7ze75o174bpm7scwj9jn3nxsn8ntzg784jf1gzn1jjdkou","balance":"1000870000000000000000000000000","link":"2A43AA7669407BE5CD934C4D5C659A2EEFBF6E3A4982ADADFBDBC17173EC798D","link_as_account":"nano_1ck5obu8ki5uwq8s8m4fdjksndqhqxq5nke4oppzqpy3g7syryef76baxens","signature":"455FF27AD80F70A559B23E3B920C08AC41CAD8B2501289D8C363FE1A987D34B1E12DB3DF191495E471A05B8E3BFB389ABF10B6FF2AAC2432115B644343D13A0F","work":"92eaefdb19ac62a4","balance_nano":"1.00087"},"subtype":"send","pending":"1","receivable":"1","source_account":"0","balance_nano":"1.00087","amount_nano":"0.00001"}}}
[2025-06-05T18:54:07.465Z] {"error":"Account not found","balance":"0"}
[2025-06-05T18:54:10.909Z] {"difficulty":"ffffffff3a0e164f","multiplier":"10.346309776372438","work":"f3d7a867a13f3e52","frontier":"2A43AA7669407BE5CD934C4D5C659A2EEFBF6E3A4982ADADFBDBC17173EC798D","cached":false,"duration":"2.921s","server":"Nano.to/GPU-6","credits":999}
[2025-06-05T18:54:12.435Z] {"hash":"1FE6B592DFE95951E9B31B10D7F7B941490188A2AB79DA2B0D4CEFA7DBA7F47F"}
[2025-06-05T18:54:12.984Z] {"balance":"10000000000000000000000000","pending":"0","receivable":"0","balance_nano":"0.00001","pending_nano":"0","receivable_nano":"0"}
[2025-06-05T18:54:13.486Z] {"balance":"10000000000000000000000000","pending":"0","receivable":"0","balance_nano":"0.00001","pending_nano":"0","receivable_nano":"0"}
[2025-06-05T18:54:13.915Z] {"deprecated":"1","blocks":[]}
[2025-06-05T18:54:14.429Z] {"balance":"10000000000000000000000000","pending":"0","receivable":"0","balance_nano":"0.00001","pending_nano":"0","receivable_nano":"0"}
[2025-06-05T18:54:14.939Z] {"frontier":"1FE6B592DFE95951E9B31B10D7F7B941490188A2AB79DA2B0D4CEFA7DBA7F47F","open_block":"1FE6B592DFE95951E9B31B10D7F7B941490188A2AB79DA2B0D4CEFA7DBA7F47F","representative_block":"1FE6B592DFE95951E9B31B10D7F7B941490188A2AB79DA2B0D4CEFA7DBA7F47F","balance":"10000000000000000000000000","modified_timestamp":"1749149676","block_count":"1","account_version":"2","confirmation_height":"1","confirmation_height_frontier":"1FE6B592DFE95951E9B31B10D7F7B941490188A2AB79DA2B0D4CEFA7DBA7F47F","representative":"nano_1ck5obu8ki5uwq8s8m4fdjksndqhqxq5nke4oppzqpy3g7syryef76baxens","balance_nano":"0.00001"}
[2025-06-05T18:55:55.340Z] 
